{
  "/Users/ales/Desktop/Courses/React/class-component/eslint.config.js": {
    "path": "/Users/ales/Desktop/Courses/React/class-component/eslint.config.js",
    "all": true,
    "statementMap": {
      "0": {
        "start": { "line": 1, "column": 0 },
        "end": { "line": 1, "column": 28 }
      },
      "1": {
        "start": { "line": 2, "column": 0 },
        "end": { "line": 2, "column": 30 }
      },
      "2": {
        "start": { "line": 3, "column": 0 },
        "end": { "line": 3, "column": 51 }
      },
      "3": {
        "start": { "line": 4, "column": 0 },
        "end": { "line": 4, "column": 55 }
      },
      "4": {
        "start": { "line": 5, "column": 0 },
        "end": { "line": 5, "column": 40 }
      },
      "5": {
        "start": { "line": 6, "column": 0 },
        "end": { "line": 6, "column": 41 }
      },
      "6": {
        "start": { "line": 7, "column": 0 },
        "end": { "line": 7, "column": 70 }
      },
      "7": {
        "start": { "line": 8, "column": 0 },
        "end": { "line": 8, "column": 57 }
      },
      "8": {
        "start": { "line": 9, "column": 0 },
        "end": { "line": 9, "column": 0 }
      },
      "9": {
        "start": { "line": 10, "column": 0 },
        "end": { "line": 10, "column": 31 }
      },
      "10": {
        "start": { "line": 11, "column": 0 },
        "end": { "line": 11, "column": 36 }
      },
      "11": {
        "start": { "line": 12, "column": 0 },
        "end": { "line": 12, "column": 3 }
      },
      "12": {
        "start": { "line": 13, "column": 0 },
        "end": { "line": 13, "column": 14 }
      },
      "13": {
        "start": { "line": 14, "column": 0 },
        "end": { "line": 14, "column": 29 }
      },
      "14": {
        "start": { "line": 15, "column": 0 },
        "end": { "line": 15, "column": 33 }
      },
      "15": {
        "start": { "line": 16, "column": 0 },
        "end": { "line": 16, "column": 27 }
      },
      "16": {
        "start": { "line": 17, "column": 0 },
        "end": { "line": 17, "column": 6 }
      },
      "17": {
        "start": { "line": 18, "column": 0 },
        "end": { "line": 18, "column": 29 }
      },
      "18": {
        "start": { "line": 19, "column": 0 },
        "end": { "line": 19, "column": 22 }
      },
      "19": {
        "start": { "line": 20, "column": 0 },
        "end": { "line": 20, "column": 24 }
      },
      "20": {
        "start": { "line": 21, "column": 0 },
        "end": { "line": 21, "column": 31 }
      },
      "21": {
        "start": { "line": 22, "column": 0 },
        "end": { "line": 22, "column": 6 }
      },
      "22": {
        "start": { "line": 23, "column": 0 },
        "end": { "line": 23, "column": 14 }
      },
      "23": {
        "start": { "line": 24, "column": 0 },
        "end": { "line": 24, "column": 12 }
      },
      "24": {
        "start": { "line": 25, "column": 0 },
        "end": { "line": 25, "column": 32 }
      },
      "25": {
        "start": { "line": 26, "column": 0 },
        "end": { "line": 26, "column": 36 }
      },
      "26": {
        "start": { "line": 27, "column": 0 },
        "end": { "line": 27, "column": 38 }
      },
      "27": {
        "start": { "line": 28, "column": 0 },
        "end": { "line": 28, "column": 6 }
      },
      "28": {
        "start": { "line": 29, "column": 0 },
        "end": { "line": 29, "column": 12 }
      },
      "29": {
        "start": { "line": 30, "column": 0 },
        "end": { "line": 30, "column": 46 }
      },
      "30": {
        "start": { "line": 31, "column": 0 },
        "end": { "line": 31, "column": 47 }
      },
      "31": {
        "start": { "line": 32, "column": 0 },
        "end": { "line": 32, "column": 15 }
      },
      "32": {
        "start": { "line": 33, "column": 0 },
        "end": { "line": 33, "column": 38 }
      },
      "33": {
        "start": { "line": 34, "column": 0 },
        "end": { "line": 34, "column": 8 }
      },
      "34": {
        "start": { "line": 35, "column": 0 },
        "end": { "line": 35, "column": 47 }
      },
      "35": {
        "start": { "line": 36, "column": 0 },
        "end": { "line": 36, "column": 41 }
      },
      "36": {
        "start": { "line": 37, "column": 0 },
        "end": { "line": 37, "column": 44 }
      },
      "37": {
        "start": { "line": 38, "column": 0 },
        "end": { "line": 38, "column": 6 }
      },
      "38": {
        "start": { "line": 39, "column": 0 },
        "end": { "line": 39, "column": 15 }
      },
      "39": {
        "start": { "line": 40, "column": 0 },
        "end": { "line": 40, "column": 14 }
      },
      "40": {
        "start": { "line": 41, "column": 0 },
        "end": { "line": 41, "column": 26 }
      },
      "41": {
        "start": { "line": 42, "column": 0 },
        "end": { "line": 42, "column": 8 }
      },
      "42": {
        "start": { "line": 43, "column": 0 },
        "end": { "line": 43, "column": 6 }
      },
      "43": {
        "start": { "line": 44, "column": 0 },
        "end": { "line": 44, "column": 3 }
      },
      "44": {
        "start": { "line": 45, "column": 0 },
        "end": { "line": 45, "column": 2 }
      }
    },
    "s": {
      "0": 0,
      "1": 0,
      "2": 0,
      "3": 0,
      "4": 0,
      "5": 0,
      "6": 0,
      "7": 0,
      "8": 0,
      "9": 0,
      "10": 0,
      "11": 0,
      "12": 0,
      "13": 0,
      "14": 0,
      "15": 0,
      "16": 0,
      "17": 0,
      "18": 0,
      "19": 0,
      "20": 0,
      "21": 0,
      "22": 0,
      "23": 0,
      "24": 0,
      "25": 0,
      "26": 0,
      "27": 0,
      "28": 0,
      "29": 0,
      "30": 0,
      "31": 0,
      "32": 0,
      "33": 0,
      "34": 0,
      "35": 0,
      "36": 0,
      "37": 0,
      "38": 0,
      "39": 0,
      "40": 0,
      "41": 0,
      "42": 0,
      "43": 0,
      "44": 0
    },
    "branchMap": {
      "0": {
        "type": "branch",
        "line": 1,
        "loc": {
          "start": { "line": 1, "column": 0 },
          "end": { "line": 45, "column": -621 }
        },
        "locations": [
          {
            "start": { "line": 1, "column": 0 },
            "end": { "line": 45, "column": -621 }
          }
        ]
      }
    },
    "b": { "0": [0] },
    "fnMap": {
      "0": {
        "name": "(empty-report)",
        "decl": {
          "start": { "line": 1, "column": 0 },
          "end": { "line": 45, "column": -621 }
        },
        "loc": {
          "start": { "line": 1, "column": 0 },
          "end": { "line": 45, "column": -621 }
        },
        "line": 1
      }
    },
    "f": { "0": 0 }
  },
  "/Users/ales/Desktop/Courses/React/class-component/src/App.tsx": {
    "path": "/Users/ales/Desktop/Courses/React/class-component/src/App.tsx",
    "all": false,
    "statementMap": {
      "0": {
        "start": { "line": 1, "column": 0 },
        "end": { "line": 1, "column": 50 }
      },
      "10": {
        "start": { "line": 11, "column": 0 },
        "end": { "line": 11, "column": 76 }
      },
      "11": {
        "start": { "line": 12, "column": 0 },
        "end": { "line": 12, "column": 50 }
      },
      "13": {
        "start": { "line": 14, "column": 0 },
        "end": { "line": 14, "column": 47 }
      },
      "14": {
        "start": { "line": 15, "column": 0 },
        "end": { "line": 15, "column": 17 }
      },
      "15": {
        "start": { "line": 16, "column": 0 },
        "end": { "line": 16, "column": 18 }
      },
      "16": {
        "start": { "line": 17, "column": 0 },
        "end": { "line": 17, "column": 59 }
      },
      "17": {
        "start": { "line": 18, "column": 0 },
        "end": { "line": 18, "column": 6 }
      },
      "18": {
        "start": { "line": 19, "column": 0 },
        "end": { "line": 19, "column": 3 }
      },
      "20": {
        "start": { "line": 21, "column": 0 },
        "end": { "line": 21, "column": 36 }
      },
      "21": {
        "start": { "line": 22, "column": 0 },
        "end": { "line": 22, "column": 40 }
      },
      "22": {
        "start": { "line": 23, "column": 0 },
        "end": { "line": 23, "column": 45 }
      },
      "23": {
        "start": { "line": 24, "column": 0 },
        "end": { "line": 24, "column": 34 }
      },
      "24": {
        "start": { "line": 25, "column": 0 },
        "end": { "line": 25, "column": 53 }
      },
      "25": {
        "start": { "line": 26, "column": 0 },
        "end": { "line": 26, "column": 5 }
      },
      "26": {
        "start": { "line": 27, "column": 0 },
        "end": { "line": 27, "column": 4 }
      },
      "28": {
        "start": { "line": 29, "column": 0 },
        "end": { "line": 29, "column": 57 }
      },
      "29": {
        "start": { "line": 30, "column": 0 },
        "end": { "line": 30, "column": 69 }
      },
      "30": {
        "start": { "line": 31, "column": 0 },
        "end": { "line": 31, "column": 4 }
      },
      "32": {
        "start": { "line": 33, "column": 0 },
        "end": { "line": 33, "column": 12 }
      },
      "33": {
        "start": { "line": 34, "column": 0 },
        "end": { "line": 34, "column": 12 }
      },
      "34": {
        "start": { "line": 35, "column": 0 },
        "end": { "line": 35, "column": 76 }
      },
      "35": {
        "start": { "line": 36, "column": 0 },
        "end": { "line": 36, "column": 47 }
      },
      "36": {
        "start": { "line": 37, "column": 0 },
        "end": { "line": 37, "column": 41 }
      },
      "37": {
        "start": { "line": 38, "column": 0 },
        "end": { "line": 38, "column": 22 }
      },
      "39": {
        "start": { "line": 40, "column": 0 },
        "end": { "line": 40, "column": 3 }
      },
      "40": {
        "start": { "line": 41, "column": 0 },
        "end": { "line": 41, "column": 1 }
      }
    },
    "s": {
      "0": 1,
      "10": 1,
      "11": 12,
      "13": 12,
      "14": 13,
      "15": 13,
      "16": 13,
      "17": 13,
      "18": 13,
      "20": 12,
      "21": 1,
      "22": 1,
      "23": 1,
      "24": 1,
      "25": 1,
      "26": 1,
      "28": 12,
      "29": 0,
      "30": 0,
      "32": 12,
      "33": 13,
      "34": 13,
      "35": 13,
      "36": 13,
      "37": 13,
      "39": 13,
      "40": 12
    },
    "branchMap": {
      "0": {
        "type": "branch",
        "line": 11,
        "loc": {
          "start": { "line": 11, "column": 75 },
          "end": { "line": 41, "column": 1 }
        },
        "locations": [
          {
            "start": { "line": 11, "column": 75 },
            "end": { "line": 41, "column": 1 }
          }
        ]
      },
      "1": {
        "type": "branch",
        "line": 14,
        "loc": {
          "start": { "line": 14, "column": 2 },
          "end": { "line": 19, "column": 3 }
        },
        "locations": [
          {
            "start": { "line": 14, "column": 2 },
            "end": { "line": 19, "column": 3 }
          }
        ]
      },
      "2": {
        "type": "branch",
        "line": 17,
        "loc": {
          "start": { "line": 17, "column": 51 },
          "end": { "line": 17, "column": 59 }
        },
        "locations": [
          {
            "start": { "line": 17, "column": 51 },
            "end": { "line": 17, "column": 59 }
          }
        ]
      },
      "3": {
        "type": "branch",
        "line": 21,
        "loc": {
          "start": { "line": 21, "column": 17 },
          "end": { "line": 27, "column": 4 }
        },
        "locations": [
          {
            "start": { "line": 21, "column": 17 },
            "end": { "line": 27, "column": 4 }
          }
        ]
      },
      "4": {
        "type": "branch",
        "line": 33,
        "loc": {
          "start": { "line": 33, "column": 2 },
          "end": { "line": 40, "column": 3 }
        },
        "locations": [
          {
            "start": { "line": 33, "column": 2 },
            "end": { "line": 40, "column": 3 }
          }
        ]
      }
    },
    "b": { "0": [12], "1": [13], "2": [9], "3": [1], "4": [13] },
    "fnMap": {
      "0": {
        "name": "<instance_members_initializer>",
        "decl": {
          "start": { "line": 11, "column": 75 },
          "end": { "line": 41, "column": 1 }
        },
        "loc": {
          "start": { "line": 11, "column": 75 },
          "end": { "line": 41, "column": 1 }
        },
        "line": 11
      },
      "1": {
        "name": "App",
        "decl": {
          "start": { "line": 14, "column": 2 },
          "end": { "line": 19, "column": 3 }
        },
        "loc": {
          "start": { "line": 14, "column": 2 },
          "end": { "line": 19, "column": 3 }
        },
        "line": 14
      },
      "2": {
        "name": "handleSearch",
        "decl": {
          "start": { "line": 21, "column": 17 },
          "end": { "line": 27, "column": 4 }
        },
        "loc": {
          "start": { "line": 21, "column": 17 },
          "end": { "line": 27, "column": 4 }
        },
        "line": 21
      },
      "3": {
        "name": "handleError",
        "decl": {
          "start": { "line": 29, "column": 16 },
          "end": { "line": 31, "column": 4 }
        },
        "loc": {
          "start": { "line": 29, "column": 16 },
          "end": { "line": 31, "column": 4 }
        },
        "line": 29
      },
      "4": {
        "name": "render",
        "decl": {
          "start": { "line": 33, "column": 2 },
          "end": { "line": 40, "column": 3 }
        },
        "loc": {
          "start": { "line": 33, "column": 2 },
          "end": { "line": 40, "column": 3 }
        },
        "line": 33
      }
    },
    "f": { "0": 12, "1": 13, "2": 1, "3": 0, "4": 13 }
  },
  "/Users/ales/Desktop/Courses/React/class-component/src/main.tsx": {
    "path": "/Users/ales/Desktop/Courses/React/class-component/src/main.tsx",
    "all": false,
    "statementMap": {
      "0": {
        "start": { "line": 1, "column": 0 },
        "end": { "line": 1, "column": 35 }
      },
      "1": {
        "start": { "line": 2, "column": 0 },
        "end": { "line": 2, "column": 46 }
      },
      "2": {
        "start": { "line": 3, "column": 0 },
        "end": { "line": 3, "column": 28 }
      },
      "3": {
        "start": { "line": 4, "column": 0 },
        "end": { "line": 4, "column": 28 }
      },
      "5": {
        "start": { "line": 6, "column": 0 },
        "end": { "line": 6, "column": 52 }
      },
      "6": {
        "start": { "line": 7, "column": 0 },
        "end": { "line": 7, "column": 19 }
      },
      "7": {
        "start": { "line": 8, "column": 0 },
        "end": { "line": 8, "column": 44 }
      },
      "8": {
        "start": { "line": 9, "column": 0 },
        "end": { "line": 9, "column": 1 }
      },
      "10": {
        "start": { "line": 11, "column": 0 },
        "end": { "line": 11, "column": 31 }
      },
      "11": {
        "start": { "line": 12, "column": 0 },
        "end": { "line": 12, "column": 14 }
      },
      "12": {
        "start": { "line": 13, "column": 0 },
        "end": { "line": 13, "column": 11 }
      },
      "13": {
        "start": { "line": 14, "column": 0 },
        "end": { "line": 14, "column": 15 }
      },
      "14": {
        "start": { "line": 15, "column": 0 },
        "end": { "line": 15, "column": 2 }
      }
    },
    "s": {
      "0": 1,
      "1": 1,
      "2": 1,
      "3": 1,
      "5": 1,
      "6": 1,
      "7": 1,
      "8": 1,
      "10": 1,
      "11": 1,
      "12": 1,
      "13": 1,
      "14": 1
    },
    "branchMap": {
      "0": {
        "type": "branch",
        "line": 7,
        "loc": {
          "start": { "line": 7, "column": 18 },
          "end": { "line": 9, "column": 1 }
        },
        "locations": [
          {
            "start": { "line": 7, "column": 18 },
            "end": { "line": 9, "column": 1 }
          }
        ]
      }
    },
    "b": { "0": [1] },
    "fnMap": {},
    "f": {}
  },
  "/Users/ales/Desktop/Courses/React/class-component/src/api/rickMortyAPI.ts": {
    "path": "/Users/ales/Desktop/Courses/React/class-component/src/api/rickMortyAPI.ts",
    "all": false,
    "statementMap": {
      "0": {
        "start": { "line": 1, "column": 0 },
        "end": { "line": 1, "column": 50 }
      },
      "39": {
        "start": { "line": 40, "column": 0 },
        "end": { "line": 40, "column": 38 }
      },
      "40": {
        "start": { "line": 41, "column": 0 },
        "end": { "line": 41, "column": 26 }
      },
      "41": {
        "start": { "line": 42, "column": 0 },
        "end": { "line": 42, "column": 24 }
      },
      "42": {
        "start": { "line": 43, "column": 0 },
        "end": { "line": 43, "column": 31 }
      },
      "43": {
        "start": { "line": 44, "column": 0 },
        "end": { "line": 44, "column": 35 }
      },
      "44": {
        "start": { "line": 45, "column": 0 },
        "end": { "line": 45, "column": 39 }
      },
      "46": {
        "start": { "line": 47, "column": 0 },
        "end": { "line": 47, "column": 40 }
      },
      "47": {
        "start": { "line": 48, "column": 0 },
        "end": { "line": 48, "column": 45 }
      },
      "48": {
        "start": { "line": 49, "column": 0 },
        "end": { "line": 49, "column": 3 }
      },
      "50": {
        "start": { "line": 51, "column": 0 },
        "end": { "line": 51, "column": 23 }
      },
      "51": {
        "start": { "line": 52, "column": 0 },
        "end": { "line": 52, "column": 49 }
      },
      "52": {
        "start": { "line": 53, "column": 0 },
        "end": { "line": 53, "column": 3 }
      },
      "54": {
        "start": { "line": 55, "column": 0 },
        "end": { "line": 55, "column": 26 }
      },
      "55": {
        "start": { "line": 56, "column": 0 },
        "end": { "line": 56, "column": 35 }
      },
      "56": {
        "start": { "line": 57, "column": 0 },
        "end": { "line": 57, "column": 3 }
      },
      "58": {
        "start": { "line": 59, "column": 0 },
        "end": { "line": 59, "column": 37 }
      },
      "59": {
        "start": { "line": 60, "column": 0 },
        "end": { "line": 60, "column": 18 }
      },
      "60": {
        "start": { "line": 61, "column": 0 },
        "end": { "line": 61, "column": 5 }
      },
      "62": {
        "start": { "line": 63, "column": 0 },
        "end": { "line": 63, "column": 21 }
      },
      "63": {
        "start": { "line": 64, "column": 0 },
        "end": { "line": 64, "column": 42 }
      },
      "64": {
        "start": { "line": 65, "column": 0 },
        "end": { "line": 65, "column": 3 }
      },
      "66": {
        "start": { "line": 67, "column": 0 },
        "end": { "line": 67, "column": 56 }
      },
      "67": {
        "start": { "line": 68, "column": 0 },
        "end": { "line": 68, "column": 14 }
      },
      "68": {
        "start": { "line": 69, "column": 0 },
        "end": { "line": 69, "column": 1 }
      }
    },
    "s": {
      "0": 1,
      "39": 32,
      "40": 32,
      "41": 32,
      "42": 32,
      "43": 32,
      "44": 32,
      "46": 32,
      "47": 13,
      "48": 13,
      "50": 32,
      "51": 4,
      "52": 4,
      "54": 32,
      "55": 15,
      "56": 15,
      "58": 32,
      "59": 32,
      "60": 32,
      "62": 32,
      "63": 9,
      "64": 9,
      "66": 22,
      "67": 21,
      "68": 21
    },
    "branchMap": {
      "0": {
        "type": "branch",
        "line": 40,
        "loc": {
          "start": { "line": 40, "column": 0 },
          "end": { "line": 69, "column": 1 }
        },
        "locations": [
          {
            "start": { "line": 40, "column": 0 },
            "end": { "line": 69, "column": 1 }
          }
        ]
      },
      "1": {
        "type": "branch",
        "line": 47,
        "loc": {
          "start": { "line": 47, "column": 6 },
          "end": { "line": 47, "column": 39 }
        },
        "locations": [
          {
            "start": { "line": 47, "column": 6 },
            "end": { "line": 47, "column": 39 }
          }
        ]
      },
      "2": {
        "type": "branch",
        "line": 47,
        "loc": {
          "start": { "line": 47, "column": 39 },
          "end": { "line": 49, "column": 3 }
        },
        "locations": [
          {
            "start": { "line": 47, "column": 39 },
            "end": { "line": 49, "column": 3 }
          }
        ]
      },
      "3": {
        "type": "branch",
        "line": 51,
        "loc": {
          "start": { "line": 51, "column": 22 },
          "end": { "line": 53, "column": 3 }
        },
        "locations": [
          {
            "start": { "line": 51, "column": 22 },
            "end": { "line": 53, "column": 3 }
          }
        ]
      },
      "4": {
        "type": "branch",
        "line": 55,
        "loc": {
          "start": { "line": 55, "column": 25 },
          "end": { "line": 57, "column": 3 }
        },
        "locations": [
          {
            "start": { "line": 55, "column": 25 },
            "end": { "line": 57, "column": 3 }
          }
        ]
      },
      "5": {
        "type": "branch",
        "line": 61,
        "loc": {
          "start": { "line": 61, "column": 3 },
          "end": { "line": 63, "column": 20 }
        },
        "locations": [
          {
            "start": { "line": 61, "column": 3 },
            "end": { "line": 63, "column": 20 }
          }
        ]
      },
      "6": {
        "type": "branch",
        "line": 63,
        "loc": {
          "start": { "line": 63, "column": 20 },
          "end": { "line": 65, "column": 3 }
        },
        "locations": [
          {
            "start": { "line": 63, "column": 20 },
            "end": { "line": 65, "column": 3 }
          }
        ]
      },
      "7": {
        "type": "branch",
        "line": 65,
        "loc": {
          "start": { "line": 65, "column": 2 },
          "end": { "line": 67, "column": 56 }
        },
        "locations": [
          {
            "start": { "line": 65, "column": 2 },
            "end": { "line": 67, "column": 56 }
          }
        ]
      },
      "8": {
        "type": "branch",
        "line": 67,
        "loc": {
          "start": { "line": 67, "column": 54 },
          "end": { "line": 69, "column": 1 }
        },
        "locations": [
          {
            "start": { "line": 67, "column": 54 },
            "end": { "line": 69, "column": 1 }
          }
        ]
      }
    },
    "b": {
      "0": [32],
      "1": [14],
      "2": [13],
      "3": [4],
      "4": [15],
      "5": [31],
      "6": [9],
      "7": [22],
      "8": [21]
    },
    "fnMap": {
      "0": {
        "name": "fetchCharacters",
        "decl": {
          "start": { "line": 40, "column": 0 },
          "end": { "line": 69, "column": 1 }
        },
        "loc": {
          "start": { "line": 40, "column": 0 },
          "end": { "line": 69, "column": 1 }
        },
        "line": 40
      }
    },
    "f": { "0": 32 }
  },
  "/Users/ales/Desktop/Courses/React/class-component/src/components/Card.tsx": {
    "path": "/Users/ales/Desktop/Courses/React/class-component/src/components/Card.tsx",
    "all": false,
    "statementMap": {
      "0": {
        "start": { "line": 1, "column": 0 },
        "end": { "line": 1, "column": 26 }
      },
      "7": {
        "start": { "line": 8, "column": 0 },
        "end": { "line": 8, "column": 58 }
      },
      "8": {
        "start": { "line": 9, "column": 0 },
        "end": { "line": 9, "column": 12 }
      },
      "9": {
        "start": { "line": 10, "column": 0 },
        "end": { "line": 10, "column": 12 }
      },
      "10": {
        "start": { "line": 11, "column": 0 },
        "end": { "line": 11, "column": 28 }
      },
      "11": {
        "start": { "line": 12, "column": 0 },
        "end": { "line": 12, "column": 34 }
      },
      "12": {
        "start": { "line": 13, "column": 0 },
        "end": { "line": 13, "column": 39 }
      },
      "13": {
        "start": { "line": 14, "column": 0 },
        "end": { "line": 14, "column": 12 }
      },
      "15": {
        "start": { "line": 16, "column": 0 },
        "end": { "line": 16, "column": 3 }
      },
      "16": {
        "start": { "line": 17, "column": 0 },
        "end": { "line": 17, "column": 1 }
      }
    },
    "s": {
      "0": 1,
      "7": 1,
      "8": 1,
      "9": 72,
      "10": 72,
      "11": 72,
      "12": 72,
      "13": 72,
      "15": 72,
      "16": 1
    },
    "branchMap": {
      "0": {
        "type": "branch",
        "line": 9,
        "loc": {
          "start": { "line": 9, "column": 2 },
          "end": { "line": 16, "column": 3 }
        },
        "locations": [
          {
            "start": { "line": 9, "column": 2 },
            "end": { "line": 16, "column": 3 }
          }
        ]
      }
    },
    "b": { "0": [72] },
    "fnMap": {
      "0": {
        "name": "render",
        "decl": {
          "start": { "line": 9, "column": 2 },
          "end": { "line": 16, "column": 3 }
        },
        "loc": {
          "start": { "line": 9, "column": 2 },
          "end": { "line": 16, "column": 3 }
        },
        "line": 9
      }
    },
    "f": { "0": 72 }
  },
  "/Users/ales/Desktop/Courses/React/class-component/src/components/ErrorBoundary.tsx": {
    "path": "/Users/ales/Desktop/Courses/React/class-component/src/components/ErrorBoundary.tsx",
    "all": false,
    "statementMap": {
      "0": {
        "start": { "line": 1, "column": 0 },
        "end": { "line": 1, "column": 66 }
      },
      "15": {
        "start": { "line": 16, "column": 0 },
        "end": { "line": 16, "column": 68 }
      },
      "16": {
        "start": { "line": 17, "column": 0 },
        "end": { "line": 17, "column": 25 }
      },
      "18": {
        "start": { "line": 19, "column": 0 },
        "end": { "line": 19, "column": 29 }
      },
      "19": {
        "start": { "line": 20, "column": 0 },
        "end": { "line": 20, "column": 17 }
      },
      "20": {
        "start": { "line": 21, "column": 0 },
        "end": { "line": 21, "column": 18 }
      },
      "21": {
        "start": { "line": 22, "column": 0 },
        "end": { "line": 22, "column": 22 }
      },
      "22": {
        "start": { "line": 23, "column": 0 },
        "end": { "line": 23, "column": 18 }
      },
      "23": {
        "start": { "line": 24, "column": 0 },
        "end": { "line": 24, "column": 22 }
      },
      "24": {
        "start": { "line": 25, "column": 0 },
        "end": { "line": 25, "column": 20 }
      },
      "25": {
        "start": { "line": 26, "column": 0 },
        "end": { "line": 26, "column": 6 }
      },
      "26": {
        "start": { "line": 27, "column": 0 },
        "end": { "line": 27, "column": 3 }
      },
      "28": {
        "start": { "line": 29, "column": 0 },
        "end": { "line": 29, "column": 65 }
      },
      "29": {
        "start": { "line": 30, "column": 0 },
        "end": { "line": 30, "column": 12 }
      },
      "30": {
        "start": { "line": 31, "column": 0 },
        "end": { "line": 31, "column": 21 }
      },
      "31": {
        "start": { "line": 32, "column": 0 },
        "end": { "line": 32, "column": 12 }
      },
      "32": {
        "start": { "line": 33, "column": 0 },
        "end": { "line": 33, "column": 6 }
      },
      "33": {
        "start": { "line": 34, "column": 0 },
        "end": { "line": 34, "column": 3 }
      },
      "35": {
        "start": { "line": 36, "column": 0 },
        "end": { "line": 36, "column": 57 }
      },
      "36": {
        "start": { "line": 37, "column": 0 },
        "end": { "line": 37, "column": 54 }
      },
      "37": {
        "start": { "line": 38, "column": 0 },
        "end": { "line": 38, "column": 35 }
      },
      "38": {
        "start": { "line": 39, "column": 0 },
        "end": { "line": 39, "column": 44 }
      },
      "39": {
        "start": { "line": 40, "column": 0 },
        "end": { "line": 40, "column": 64 }
      },
      "40": {
        "start": { "line": 41, "column": 0 },
        "end": { "line": 41, "column": 23 }
      },
      "42": {
        "start": { "line": 43, "column": 0 },
        "end": { "line": 43, "column": 19 }
      },
      "43": {
        "start": { "line": 44, "column": 0 },
        "end": { "line": 44, "column": 16 }
      },
      "44": {
        "start": { "line": 45, "column": 0 },
        "end": { "line": 45, "column": 7 }
      },
      "46": {
        "start": { "line": 47, "column": 0 },
        "end": { "line": 47, "column": 29 }
      },
      "47": {
        "start": { "line": 48, "column": 0 },
        "end": { "line": 48, "column": 43 }
      },
      "48": {
        "start": { "line": 49, "column": 0 },
        "end": { "line": 49, "column": 5 }
      },
      "50": {
        "start": { "line": 51, "column": 0 },
        "end": { "line": 51, "column": 48 }
      },
      "53": {
        "start": { "line": 54, "column": 0 },
        "end": { "line": 54, "column": 5 }
      },
      "54": {
        "start": { "line": 55, "column": 0 },
        "end": { "line": 55, "column": 3 }
      },
      "56": {
        "start": { "line": 57, "column": 0 },
        "end": { "line": 57, "column": 23 }
      },
      "57": {
        "start": { "line": 58, "column": 0 },
        "end": { "line": 58, "column": 50 }
      },
      "58": {
        "start": { "line": 59, "column": 0 },
        "end": { "line": 59, "column": 37 }
      },
      "59": {
        "start": { "line": 60, "column": 0 },
        "end": { "line": 60, "column": 24 }
      },
      "60": {
        "start": { "line": 61, "column": 0 },
        "end": { "line": 61, "column": 20 }
      },
      "61": {
        "start": { "line": 62, "column": 0 },
        "end": { "line": 62, "column": 24 }
      },
      "62": {
        "start": { "line": 63, "column": 0 },
        "end": { "line": 63, "column": 45 }
      },
      "63": {
        "start": { "line": 64, "column": 0 },
        "end": { "line": 64, "column": 10 }
      },
      "64": {
        "start": { "line": 65, "column": 0 },
        "end": { "line": 65, "column": 5 }
      },
      "65": {
        "start": { "line": 66, "column": 0 },
        "end": { "line": 66, "column": 4 }
      },
      "67": {
        "start": { "line": 68, "column": 0 },
        "end": { "line": 68, "column": 24 }
      },
      "68": {
        "start": { "line": 69, "column": 0 },
        "end": { "line": 69, "column": 29 }
      },
      "69": {
        "start": { "line": 70, "column": 0 },
        "end": { "line": 70, "column": 4 }
      },
      "71": {
        "start": { "line": 72, "column": 0 },
        "end": { "line": 72, "column": 29 }
      },
      "72": {
        "start": { "line": 73, "column": 0 },
        "end": { "line": 73, "column": 44 }
      },
      "73": {
        "start": { "line": 74, "column": 0 },
        "end": { "line": 74, "column": 23 }
      },
      "74": {
        "start": { "line": 75, "column": 0 },
        "end": { "line": 75, "column": 30 }
      },
      "75": {
        "start": { "line": 76, "column": 0 },
        "end": { "line": 76, "column": 26 }
      },
      "76": {
        "start": { "line": 77, "column": 0 },
        "end": { "line": 77, "column": 48 }
      },
      "77": {
        "start": { "line": 78, "column": 0 },
        "end": { "line": 78, "column": 37 }
      },
      "78": {
        "start": { "line": 79, "column": 0 },
        "end": { "line": 79, "column": 32 }
      },
      "79": {
        "start": { "line": 80, "column": 0 },
        "end": { "line": 80, "column": 42 }
      },
      "80": {
        "start": { "line": 81, "column": 0 },
        "end": { "line": 81, "column": 6 }
      },
      "82": {
        "start": { "line": 83, "column": 0 },
        "end": { "line": 83, "column": 55 }
      },
      "83": {
        "start": { "line": 84, "column": 0 },
        "end": { "line": 84, "column": 36 }
      },
      "84": {
        "start": { "line": 85, "column": 0 },
        "end": { "line": 85, "column": 63 }
      },
      "85": {
        "start": { "line": 86, "column": 0 },
        "end": { "line": 86, "column": 6 }
      },
      "86": {
        "start": { "line": 87, "column": 0 },
        "end": { "line": 87, "column": 78 }
      },
      "87": {
        "start": { "line": 88, "column": 0 },
        "end": { "line": 88, "column": 4 }
      },
      "89": {
        "start": { "line": 90, "column": 0 },
        "end": { "line": 90, "column": 24 }
      },
      "90": {
        "start": { "line": 91, "column": 0 },
        "end": { "line": 91, "column": 44 }
      },
      "92": {
        "start": { "line": 93, "column": 0 },
        "end": { "line": 93, "column": 49 }
      },
      "93": {
        "start": { "line": 94, "column": 0 },
        "end": { "line": 94, "column": 18 }
      },
      "94": {
        "start": { "line": 95, "column": 0 },
        "end": { "line": 95, "column": 5 }
      },
      "96": {
        "start": { "line": 97, "column": 0 },
        "end": { "line": 97, "column": 12 }
      },
      "97": {
        "start": { "line": 98, "column": 0 },
        "end": { "line": 98, "column": 41 }
      },
      "98": {
        "start": { "line": 99, "column": 0 },
        "end": { "line": 99, "column": 59 }
      },
      "99": {
        "start": { "line": 100, "column": 0 },
        "end": { "line": 100, "column": 36 }
      },
      "100": {
        "start": { "line": 101, "column": 0 },
        "end": { "line": 101, "column": 33 }
      },
      "101": {
        "start": { "line": 102, "column": 0 },
        "end": { "line": 102, "column": 37 }
      },
      "103": {
        "start": { "line": 104, "column": 0 },
        "end": { "line": 104, "column": 31 }
      },
      "104": {
        "start": { "line": 105, "column": 0 },
        "end": { "line": 105, "column": 35 }
      },
      "106": {
        "start": { "line": 107, "column": 0 },
        "end": { "line": 107, "column": 25 }
      },
      "107": {
        "start": { "line": 108, "column": 0 },
        "end": { "line": 108, "column": 14 }
      },
      "108": {
        "start": { "line": 109, "column": 0 },
        "end": { "line": 109, "column": 39 }
      },
      "109": {
        "start": { "line": 110, "column": 0 },
        "end": { "line": 110, "column": 51 }
      },
      "110": {
        "start": { "line": 111, "column": 0 },
        "end": { "line": 111, "column": 15 }
      },
      "112": {
        "start": { "line": 113, "column": 0 },
        "end": { "line": 113, "column": 14 }
      },
      "113": {
        "start": { "line": 114, "column": 0 },
        "end": { "line": 114, "column": 16 }
      },
      "115": {
        "start": { "line": 116, "column": 0 },
        "end": { "line": 116, "column": 3 }
      },
      "117": {
        "start": { "line": 118, "column": 0 },
        "end": { "line": 118, "column": 12 }
      },
      "118": {
        "start": { "line": 119, "column": 0 },
        "end": { "line": 119, "column": 30 }
      },
      "119": {
        "start": { "line": 120, "column": 0 },
        "end": { "line": 120, "column": 32 }
      },
      "120": {
        "start": { "line": 121, "column": 0 },
        "end": { "line": 121, "column": 35 }
      },
      "121": {
        "start": { "line": 122, "column": 0 },
        "end": { "line": 122, "column": 7 }
      },
      "123": {
        "start": { "line": 124, "column": 0 },
        "end": { "line": 124, "column": 63 }
      },
      "125": {
        "start": { "line": 126, "column": 0 },
        "end": { "line": 126, "column": 14 }
      },
      "126": {
        "start": { "line": 127, "column": 0 },
        "end": { "line": 127, "column": 75 }
      },
      "127": {
        "start": { "line": 128, "column": 0 },
        "end": { "line": 128, "column": 43 }
      },
      "128": {
        "start": { "line": 129, "column": 0 },
        "end": { "line": 129, "column": 40 }
      },
      "129": {
        "start": { "line": 130, "column": 0 },
        "end": { "line": 130, "column": 18 }
      },
      "130": {
        "start": { "line": 131, "column": 0 },
        "end": { "line": 131, "column": 26 }
      },
      "131": {
        "start": { "line": 132, "column": 0 },
        "end": { "line": 132, "column": 27 }
      },
      "132": {
        "start": { "line": 133, "column": 0 },
        "end": { "line": 133, "column": 35 }
      },
      "133": {
        "start": { "line": 134, "column": 0 },
        "end": { "line": 134, "column": 27 }
      },
      "134": {
        "start": { "line": 135, "column": 0 },
        "end": { "line": 135, "column": 37 }
      },
      "135": {
        "start": { "line": 136, "column": 0 },
        "end": { "line": 136, "column": 31 }
      },
      "136": {
        "start": { "line": 137, "column": 0 },
        "end": { "line": 137, "column": 37 }
      },
      "137": {
        "start": { "line": 138, "column": 0 },
        "end": { "line": 138, "column": 38 }
      },
      "139": {
        "start": { "line": 140, "column": 0 },
        "end": { "line": 140, "column": 49 }
      },
      "140": {
        "start": { "line": 141, "column": 0 },
        "end": { "line": 141, "column": 55 }
      },
      "141": {
        "start": { "line": 142, "column": 0 },
        "end": { "line": 142, "column": 59 }
      },
      "142": {
        "start": { "line": 143, "column": 0 },
        "end": { "line": 143, "column": 20 }
      },
      "143": {
        "start": { "line": 144, "column": 0 },
        "end": { "line": 144, "column": 18 }
      },
      "145": {
        "start": { "line": 146, "column": 0 },
        "end": { "line": 146, "column": 71 }
      },
      "147": {
        "start": { "line": 148, "column": 0 },
        "end": { "line": 148, "column": 41 }
      },
      "150": {
        "start": { "line": 151, "column": 0 },
        "end": { "line": 151, "column": 16 }
      },
      "152": {
        "start": { "line": 153, "column": 0 },
        "end": { "line": 153, "column": 43 }
      },
      "153": {
        "start": { "line": 154, "column": 0 },
        "end": { "line": 154, "column": 40 }
      },
      "154": {
        "start": { "line": 155, "column": 0 },
        "end": { "line": 155, "column": 74 }
      },
      "155": {
        "start": { "line": 156, "column": 0 },
        "end": { "line": 156, "column": 18 }
      },
      "158": {
        "start": { "line": 159, "column": 0 },
        "end": { "line": 159, "column": 43 }
      },
      "159": {
        "start": { "line": 160, "column": 0 },
        "end": { "line": 160, "column": 28 }
      },
      "160": {
        "start": { "line": 161, "column": 0 },
        "end": { "line": 161, "column": 23 }
      },
      "161": {
        "start": { "line": 162, "column": 0 },
        "end": { "line": 162, "column": 45 }
      },
      "162": {
        "start": { "line": 163, "column": 0 },
        "end": { "line": 163, "column": 44 }
      },
      "163": {
        "start": { "line": 164, "column": 0 },
        "end": { "line": 164, "column": 40 }
      },
      "165": {
        "start": { "line": 166, "column": 0 },
        "end": { "line": 166, "column": 40 }
      },
      "166": {
        "start": { "line": 167, "column": 0 },
        "end": { "line": 167, "column": 25 }
      },
      "169": {
        "start": { "line": 170, "column": 0 },
        "end": { "line": 170, "column": 21 }
      },
      "170": {
        "start": { "line": 171, "column": 0 },
        "end": { "line": 171, "column": 45 }
      },
      "171": {
        "start": { "line": 172, "column": 0 },
        "end": { "line": 172, "column": 43 }
      },
      "172": {
        "start": { "line": 173, "column": 0 },
        "end": { "line": 173, "column": 44 }
      },
      "174": {
        "start": { "line": 175, "column": 0 },
        "end": { "line": 175, "column": 40 }
      },
      "175": {
        "start": { "line": 176, "column": 0 },
        "end": { "line": 176, "column": 23 }
      },
      "177": {
        "start": { "line": 178, "column": 0 },
        "end": { "line": 178, "column": 21 }
      },
      "178": {
        "start": { "line": 179, "column": 0 },
        "end": { "line": 179, "column": 43 }
      },
      "179": {
        "start": { "line": 180, "column": 0 },
        "end": { "line": 180, "column": 48 }
      },
      "180": {
        "start": { "line": 181, "column": 0 },
        "end": { "line": 181, "column": 46 }
      },
      "182": {
        "start": { "line": 183, "column": 0 },
        "end": { "line": 183, "column": 41 }
      },
      "183": {
        "start": { "line": 184, "column": 0 },
        "end": { "line": 184, "column": 23 }
      },
      "184": {
        "start": { "line": 185, "column": 0 },
        "end": { "line": 185, "column": 18 }
      },
      "186": {
        "start": { "line": 187, "column": 0 },
        "end": { "line": 187, "column": 39 }
      },
      "187": {
        "start": { "line": 188, "column": 0 },
        "end": { "line": 188, "column": 16 }
      },
      "188": {
        "start": { "line": 189, "column": 0 },
        "end": { "line": 189, "column": 14 }
      },
      "190": {
        "start": { "line": 191, "column": 0 },
        "end": { "line": 191, "column": 5 }
      },
      "192": {
        "start": { "line": 193, "column": 0 },
        "end": { "line": 193, "column": 31 }
      },
      "193": {
        "start": { "line": 194, "column": 0 },
        "end": { "line": 194, "column": 3 }
      },
      "194": {
        "start": { "line": 195, "column": 0 },
        "end": { "line": 195, "column": 1 }
      }
    },
    "s": {
      "0": 1,
      "15": 1,
      "16": 35,
      "18": 35,
      "19": 37,
      "20": 37,
      "21": 37,
      "22": 37,
      "23": 37,
      "24": 37,
      "25": 37,
      "26": 37,
      "28": 35,
      "29": 24,
      "30": 24,
      "31": 24,
      "32": 24,
      "33": 24,
      "35": 35,
      "36": 12,
      "37": 12,
      "38": 12,
      "39": 12,
      "40": 12,
      "42": 12,
      "43": 12,
      "44": 12,
      "46": 12,
      "47": 1,
      "48": 1,
      "50": 12,
      "53": 0,
      "54": 12,
      "56": 35,
      "57": 1,
      "58": 1,
      "59": 2,
      "60": 2,
      "61": 2,
      "62": 2,
      "63": 1,
      "64": 1,
      "65": 1,
      "67": 35,
      "68": 1,
      "69": 1,
      "71": 35,
      "72": 1,
      "73": 1,
      "74": 1,
      "75": 1,
      "76": 1,
      "77": 1,
      "78": 1,
      "79": 1,
      "80": 1,
      "82": 1,
      "83": 1,
      "84": 1,
      "85": 1,
      "86": 1,
      "87": 1,
      "89": 35,
      "90": 33,
      "92": 33,
      "93": 33,
      "94": 33,
      "96": 0,
      "97": 0,
      "98": 0,
      "99": 0,
      "100": 0,
      "101": 33,
      "103": 33,
      "104": 33,
      "106": 33,
      "107": 0,
      "108": 0,
      "109": 0,
      "110": 0,
      "112": 33,
      "113": 33,
      "115": 33,
      "117": 35,
      "118": 74,
      "119": 36,
      "120": 3,
      "121": 3,
      "123": 33,
      "125": 33,
      "126": 33,
      "127": 33,
      "128": 33,
      "129": 33,
      "130": 33,
      "131": 33,
      "132": 33,
      "133": 33,
      "134": 33,
      "135": 33,
      "136": 33,
      "137": 33,
      "139": 33,
      "140": 33,
      "141": 33,
      "142": 33,
      "143": 33,
      "145": 33,
      "147": 33,
      "150": 33,
      "152": 33,
      "153": 3,
      "154": 3,
      "155": 3,
      "158": 36,
      "159": 36,
      "160": 33,
      "161": 33,
      "162": 33,
      "163": 33,
      "165": 33,
      "166": 33,
      "169": 36,
      "170": 36,
      "171": 36,
      "172": 36,
      "174": 36,
      "175": 36,
      "177": 36,
      "178": 36,
      "179": 36,
      "180": 36,
      "182": 36,
      "183": 36,
      "184": 36,
      "186": 36,
      "187": 36,
      "188": 36,
      "190": 36,
      "192": 38,
      "193": 74,
      "194": 35
    },
    "branchMap": {
      "0": {
        "type": "branch",
        "line": 16,
        "loc": {
          "start": { "line": 16, "column": 67 },
          "end": { "line": 195, "column": 1 }
        },
        "locations": [
          {
            "start": { "line": 16, "column": 67 },
            "end": { "line": 195, "column": 1 }
          }
        ]
      },
      "1": {
        "type": "branch",
        "line": 19,
        "loc": {
          "start": { "line": 19, "column": 2 },
          "end": { "line": 27, "column": 3 }
        },
        "locations": [
          {
            "start": { "line": 19, "column": 2 },
            "end": { "line": 27, "column": 3 }
          }
        ]
      },
      "2": {
        "type": "branch",
        "line": 29,
        "loc": {
          "start": { "line": 29, "column": 9 },
          "end": { "line": 34, "column": 3 }
        },
        "locations": [
          {
            "start": { "line": 29, "column": 9 },
            "end": { "line": 34, "column": 3 }
          }
        ]
      },
      "3": {
        "type": "branch",
        "line": 36,
        "loc": {
          "start": { "line": 36, "column": 2 },
          "end": { "line": 55, "column": 3 }
        },
        "locations": [
          {
            "start": { "line": 36, "column": 2 },
            "end": { "line": 55, "column": 3 }
          }
        ]
      },
      "4": {
        "type": "branch",
        "line": 47,
        "loc": {
          "start": { "line": 47, "column": 28 },
          "end": { "line": 49, "column": 5 }
        },
        "locations": [
          {
            "start": { "line": 47, "column": 28 },
            "end": { "line": 49, "column": 5 }
          }
        ]
      },
      "5": {
        "type": "branch",
        "line": 51,
        "loc": {
          "start": { "line": 51, "column": 47 },
          "end": { "line": 54, "column": 5 }
        },
        "locations": [
          {
            "start": { "line": 51, "column": 47 },
            "end": { "line": 54, "column": 5 }
          }
        ]
      },
      "6": {
        "type": "branch",
        "line": 57,
        "loc": {
          "start": { "line": 57, "column": 16 },
          "end": { "line": 66, "column": 4 }
        },
        "locations": [
          {
            "start": { "line": 57, "column": 16 },
            "end": { "line": 66, "column": 4 }
          }
        ]
      },
      "7": {
        "type": "branch",
        "line": 59,
        "loc": {
          "start": { "line": 59, "column": 20 },
          "end": { "line": 64, "column": 8 }
        },
        "locations": [
          {
            "start": { "line": 59, "column": 20 },
            "end": { "line": 64, "column": 8 }
          }
        ]
      },
      "8": {
        "type": "branch",
        "line": 68,
        "loc": {
          "start": { "line": 68, "column": 17 },
          "end": { "line": 70, "column": 4 }
        },
        "locations": [
          {
            "start": { "line": 68, "column": 17 },
            "end": { "line": 70, "column": 4 }
          }
        ]
      },
      "9": {
        "type": "branch",
        "line": 72,
        "loc": {
          "start": { "line": 72, "column": 22 },
          "end": { "line": 88, "column": 4 }
        },
        "locations": [
          {
            "start": { "line": 72, "column": 22 },
            "end": { "line": 88, "column": 4 }
          }
        ]
      },
      "10": {
        "type": "branch",
        "line": 90,
        "loc": {
          "start": { "line": 90, "column": 2 },
          "end": { "line": 116, "column": 3 }
        },
        "locations": [
          {
            "start": { "line": 90, "column": 2 },
            "end": { "line": 116, "column": 3 }
          }
        ]
      },
      "11": {
        "type": "branch",
        "line": 95,
        "loc": {
          "start": { "line": 95, "column": 4 },
          "end": { "line": 102, "column": 31 }
        },
        "locations": [
          {
            "start": { "line": 95, "column": 4 },
            "end": { "line": 102, "column": 31 }
          }
        ]
      },
      "12": {
        "type": "branch",
        "line": 105,
        "loc": {
          "start": { "line": 105, "column": 16 },
          "end": { "line": 105, "column": 29 }
        },
        "locations": [
          {
            "start": { "line": 105, "column": 16 },
            "end": { "line": 105, "column": 29 }
          }
        ]
      },
      "13": {
        "type": "branch",
        "line": 107,
        "loc": {
          "start": { "line": 107, "column": 11 },
          "end": { "line": 111, "column": 15 }
        },
        "locations": [
          {
            "start": { "line": 107, "column": 11 },
            "end": { "line": 111, "column": 15 }
          }
        ]
      },
      "14": {
        "type": "branch",
        "line": 118,
        "loc": {
          "start": { "line": 118, "column": 2 },
          "end": { "line": 194, "column": 3 }
        },
        "locations": [
          {
            "start": { "line": 118, "column": 2 },
            "end": { "line": 194, "column": 3 }
          }
        ]
      },
      "15": {
        "type": "branch",
        "line": 119,
        "loc": {
          "start": { "line": 119, "column": 29 },
          "end": { "line": 191, "column": 5 }
        },
        "locations": [
          {
            "start": { "line": 119, "column": 29 },
            "end": { "line": 191, "column": 5 }
          }
        ]
      },
      "16": {
        "type": "branch",
        "line": 120,
        "loc": {
          "start": { "line": 120, "column": 31 },
          "end": { "line": 122, "column": 7 }
        },
        "locations": [
          {
            "start": { "line": 120, "column": 31 },
            "end": { "line": 122, "column": 7 }
          }
        ]
      },
      "17": {
        "type": "branch",
        "line": 122,
        "loc": {
          "start": { "line": 122, "column": 6 },
          "end": { "line": 153, "column": 43 }
        },
        "locations": [
          {
            "start": { "line": 122, "column": 6 },
            "end": { "line": 153, "column": 43 }
          }
        ]
      },
      "18": {
        "type": "branch",
        "line": 153,
        "loc": {
          "start": { "line": 153, "column": 37 },
          "end": { "line": 156, "column": 18 }
        },
        "locations": [
          {
            "start": { "line": 153, "column": 37 },
            "end": { "line": 156, "column": 18 }
          }
        ]
      },
      "19": {
        "type": "branch",
        "line": 160,
        "loc": {
          "start": { "line": 160, "column": 15 },
          "end": { "line": 167, "column": 25 }
        },
        "locations": [
          {
            "start": { "line": 160, "column": 15 },
            "end": { "line": 167, "column": 25 }
          }
        ]
      },
      "20": {
        "type": "branch",
        "line": 191,
        "loc": {
          "start": { "line": 191, "column": 4 },
          "end": { "line": 193, "column": 31 }
        },
        "locations": [
          {
            "start": { "line": 191, "column": 4 },
            "end": { "line": 193, "column": 31 }
          }
        ]
      }
    },
    "b": {
      "0": [35],
      "1": [37],
      "2": [24],
      "3": [12],
      "4": [1],
      "5": [0],
      "6": [1],
      "7": [2],
      "8": [1],
      "9": [1],
      "10": [33],
      "11": [0],
      "12": [0],
      "13": [0],
      "14": [74],
      "15": [36],
      "16": [3],
      "17": [33],
      "18": [3],
      "19": [33],
      "20": [38]
    },
    "fnMap": {
      "0": {
        "name": "<instance_members_initializer>",
        "decl": {
          "start": { "line": 16, "column": 67 },
          "end": { "line": 195, "column": 1 }
        },
        "loc": {
          "start": { "line": 16, "column": 67 },
          "end": { "line": 195, "column": 1 }
        },
        "line": 16
      },
      "1": {
        "name": "ErrorBoundary",
        "decl": {
          "start": { "line": 19, "column": 2 },
          "end": { "line": 27, "column": 3 }
        },
        "loc": {
          "start": { "line": 19, "column": 2 },
          "end": { "line": 27, "column": 3 }
        },
        "line": 19
      },
      "2": {
        "name": "getDerivedStateFromError",
        "decl": {
          "start": { "line": 29, "column": 9 },
          "end": { "line": 34, "column": 3 }
        },
        "loc": {
          "start": { "line": 29, "column": 9 },
          "end": { "line": 34, "column": 3 }
        },
        "line": 29
      },
      "3": {
        "name": "componentDidCatch",
        "decl": {
          "start": { "line": 36, "column": 2 },
          "end": { "line": 55, "column": 3 }
        },
        "loc": {
          "start": { "line": 36, "column": 2 },
          "end": { "line": 55, "column": 3 }
        },
        "line": 36
      },
      "4": {
        "name": "handleRetry",
        "decl": {
          "start": { "line": 57, "column": 16 },
          "end": { "line": 66, "column": 4 }
        },
        "loc": {
          "start": { "line": 57, "column": 16 },
          "end": { "line": 66, "column": 4 }
        },
        "line": 57
      },
      "5": {
        "name": "handleReload",
        "decl": {
          "start": { "line": 68, "column": 17 },
          "end": { "line": 70, "column": 4 }
        },
        "loc": {
          "start": { "line": 68, "column": 17 },
          "end": { "line": 70, "column": 4 }
        },
        "line": 68
      },
      "6": {
        "name": "handleReportIssue",
        "decl": {
          "start": { "line": 72, "column": 22 },
          "end": { "line": 88, "column": 4 }
        },
        "loc": {
          "start": { "line": 72, "column": 22 },
          "end": { "line": 88, "column": 4 }
        },
        "line": 72
      },
      "7": {
        "name": "renderErrorDetails",
        "decl": {
          "start": { "line": 90, "column": 2 },
          "end": { "line": 116, "column": 3 }
        },
        "loc": {
          "start": { "line": 90, "column": 2 },
          "end": { "line": 116, "column": 3 }
        },
        "line": 90
      },
      "8": {
        "name": "render",
        "decl": {
          "start": { "line": 118, "column": 2 },
          "end": { "line": 194, "column": 3 }
        },
        "loc": {
          "start": { "line": 118, "column": 2 },
          "end": { "line": 194, "column": 3 }
        },
        "line": 118
      }
    },
    "f": {
      "0": 35,
      "1": 37,
      "2": 24,
      "3": 12,
      "4": 1,
      "5": 1,
      "6": 1,
      "7": 33,
      "8": 74
    }
  },
  "/Users/ales/Desktop/Courses/React/class-component/src/components/Header.tsx": {
    "path": "/Users/ales/Desktop/Courses/React/class-component/src/components/Header.tsx",
    "all": false,
    "statementMap": {
      "0": {
        "start": { "line": 1, "column": 0 },
        "end": { "line": 1, "column": 34 }
      },
      "7": {
        "start": { "line": 8, "column": 0 },
        "end": { "line": 8, "column": 54 }
      },
      "8": {
        "start": { "line": 9, "column": 0 },
        "end": { "line": 9, "column": 22 }
      },
      "9": {
        "start": { "line": 10, "column": 0 },
        "end": { "line": 10, "column": 45 }
      },
      "10": {
        "start": { "line": 11, "column": 0 },
        "end": { "line": 11, "column": 4 }
      },
      "12": {
        "start": { "line": 13, "column": 0 },
        "end": { "line": 13, "column": 12 }
      },
      "13": {
        "start": { "line": 14, "column": 0 },
        "end": { "line": 14, "column": 12 }
      },
      "14": {
        "start": { "line": 15, "column": 0 },
        "end": { "line": 15, "column": 33 }
      },
      "15": {
        "start": { "line": 16, "column": 0 },
        "end": { "line": 16, "column": 49 }
      },
      "16": {
        "start": { "line": 17, "column": 0 },
        "end": { "line": 17, "column": 67 }
      },
      "18": {
        "start": { "line": 19, "column": 0 },
        "end": { "line": 19, "column": 17 }
      },
      "19": {
        "start": { "line": 20, "column": 0 },
        "end": { "line": 20, "column": 15 }
      },
      "21": {
        "start": { "line": 22, "column": 0 },
        "end": { "line": 22, "column": 3 }
      },
      "22": {
        "start": { "line": 23, "column": 0 },
        "end": { "line": 23, "column": 1 }
      }
    },
    "s": {
      "0": 1,
      "7": 1,
      "8": 17,
      "9": 0,
      "10": 0,
      "12": 17,
      "13": 18,
      "14": 18,
      "15": 18,
      "16": 18,
      "18": 18,
      "19": 18,
      "21": 18,
      "22": 17
    },
    "branchMap": {
      "0": {
        "type": "branch",
        "line": 8,
        "loc": {
          "start": { "line": 8, "column": 53 },
          "end": { "line": 23, "column": 1 }
        },
        "locations": [
          {
            "start": { "line": 8, "column": 53 },
            "end": { "line": 23, "column": 1 }
          }
        ]
      },
      "1": {
        "type": "branch",
        "line": 13,
        "loc": {
          "start": { "line": 13, "column": 2 },
          "end": { "line": 22, "column": 3 }
        },
        "locations": [
          {
            "start": { "line": 13, "column": 2 },
            "end": { "line": 22, "column": 3 }
          }
        ]
      }
    },
    "b": { "0": [17], "1": [18] },
    "fnMap": {
      "0": {
        "name": "<instance_members_initializer>",
        "decl": {
          "start": { "line": 8, "column": 53 },
          "end": { "line": 23, "column": 1 }
        },
        "loc": {
          "start": { "line": 8, "column": 53 },
          "end": { "line": 23, "column": 1 }
        },
        "line": 8
      },
      "1": {
        "name": "throwError",
        "decl": {
          "start": { "line": 9, "column": 15 },
          "end": { "line": 11, "column": 4 }
        },
        "loc": {
          "start": { "line": 9, "column": 15 },
          "end": { "line": 11, "column": 4 }
        },
        "line": 9
      },
      "2": {
        "name": "render",
        "decl": {
          "start": { "line": 13, "column": 2 },
          "end": { "line": 22, "column": 3 }
        },
        "loc": {
          "start": { "line": 13, "column": 2 },
          "end": { "line": 22, "column": 3 }
        },
        "line": 13
      }
    },
    "f": { "0": 17, "1": 0, "2": 18 }
  },
  "/Users/ales/Desktop/Courses/React/class-component/src/components/Loader.tsx": {
    "path": "/Users/ales/Desktop/Courses/React/class-component/src/components/Loader.tsx",
    "all": false,
    "statementMap": {
      "0": {
        "start": { "line": 1, "column": 0 },
        "end": { "line": 1, "column": 26 }
      },
      "10": {
        "start": { "line": 11, "column": 0 },
        "end": { "line": 11, "column": 60 }
      },
      "11": {
        "start": { "line": 12, "column": 0 },
        "end": { "line": 12, "column": 32 }
      },
      "12": {
        "start": { "line": 13, "column": 0 },
        "end": { "line": 13, "column": 19 }
      },
      "13": {
        "start": { "line": 14, "column": 0 },
        "end": { "line": 14, "column": 23 }
      },
      "14": {
        "start": { "line": 15, "column": 0 },
        "end": { "line": 15, "column": 21 }
      },
      "15": {
        "start": { "line": 16, "column": 0 },
        "end": { "line": 16, "column": 23 }
      },
      "16": {
        "start": { "line": 17, "column": 0 },
        "end": { "line": 17, "column": 22 }
      },
      "17": {
        "start": { "line": 18, "column": 0 },
        "end": { "line": 18, "column": 4 }
      },
      "19": {
        "start": { "line": 20, "column": 0 },
        "end": { "line": 20, "column": 19 }
      },
      "20": {
        "start": { "line": 21, "column": 0 },
        "end": { "line": 21, "column": 35 }
      },
      "22": {
        "start": { "line": 23, "column": 0 },
        "end": { "line": 23, "column": 22 }
      },
      "23": {
        "start": { "line": 24, "column": 0 },
        "end": { "line": 24, "column": 18 }
      },
      "24": {
        "start": { "line": 25, "column": 0 },
        "end": { "line": 25, "column": 16 }
      },
      "25": {
        "start": { "line": 26, "column": 0 },
        "end": { "line": 26, "column": 39 }
      },
      "26": {
        "start": { "line": 27, "column": 0 },
        "end": { "line": 27, "column": 39 }
      },
      "27": {
        "start": { "line": 28, "column": 0 },
        "end": { "line": 28, "column": 39 }
      },
      "28": {
        "start": { "line": 29, "column": 0 },
        "end": { "line": 29, "column": 39 }
      },
      "29": {
        "start": { "line": 30, "column": 0 },
        "end": { "line": 30, "column": 16 }
      },
      "32": {
        "start": { "line": 33, "column": 0 },
        "end": { "line": 33, "column": 19 }
      },
      "33": {
        "start": { "line": 34, "column": 0 },
        "end": { "line": 34, "column": 16 }
      },
      "34": {
        "start": { "line": 35, "column": 0 },
        "end": { "line": 35, "column": 40 }
      },
      "35": {
        "start": { "line": 36, "column": 0 },
        "end": { "line": 36, "column": 46 }
      },
      "36": {
        "start": { "line": 37, "column": 0 },
        "end": { "line": 37, "column": 46 }
      },
      "37": {
        "start": { "line": 38, "column": 0 },
        "end": { "line": 38, "column": 46 }
      },
      "38": {
        "start": { "line": 39, "column": 0 },
        "end": { "line": 39, "column": 16 }
      },
      "41": {
        "start": { "line": 42, "column": 0 },
        "end": { "line": 42, "column": 18 }
      },
      "42": {
        "start": { "line": 43, "column": 0 },
        "end": { "line": 43, "column": 16 }
      },
      "43": {
        "start": { "line": 44, "column": 0 },
        "end": { "line": 44, "column": 39 }
      },
      "44": {
        "start": { "line": 45, "column": 0 },
        "end": { "line": 45, "column": 39 }
      },
      "45": {
        "start": { "line": 46, "column": 0 },
        "end": { "line": 46, "column": 39 }
      },
      "46": {
        "start": { "line": 47, "column": 0 },
        "end": { "line": 47, "column": 39 }
      },
      "47": {
        "start": { "line": 48, "column": 0 },
        "end": { "line": 48, "column": 39 }
      },
      "48": {
        "start": { "line": 49, "column": 0 },
        "end": { "line": 49, "column": 39 }
      },
      "49": {
        "start": { "line": 50, "column": 0 },
        "end": { "line": 50, "column": 16 }
      },
      "52": {
        "start": { "line": 53, "column": 0 },
        "end": { "line": 53, "column": 25 }
      },
      "53": {
        "start": { "line": 54, "column": 0 },
        "end": { "line": 54, "column": 16 }
      },
      "54": {
        "start": { "line": 55, "column": 0 },
        "end": { "line": 55, "column": 42 }
      },
      "55": {
        "start": { "line": 56, "column": 0 },
        "end": { "line": 56, "column": 37 }
      },
      "56": {
        "start": { "line": 57, "column": 0 },
        "end": { "line": 57, "column": 21 }
      },
      "57": {
        "start": { "line": 58, "column": 0 },
        "end": { "line": 58, "column": 23 }
      },
      "58": {
        "start": { "line": 59, "column": 0 },
        "end": { "line": 59, "column": 23 }
      },
      "59": {
        "start": { "line": 60, "column": 0 },
        "end": { "line": 60, "column": 22 }
      },
      "60": {
        "start": { "line": 61, "column": 0 },
        "end": { "line": 61, "column": 27 }
      },
      "61": {
        "start": { "line": 62, "column": 0 },
        "end": { "line": 62, "column": 37 }
      },
      "62": {
        "start": { "line": 63, "column": 0 },
        "end": { "line": 63, "column": 31 }
      },
      "63": {
        "start": { "line": 64, "column": 0 },
        "end": { "line": 64, "column": 37 }
      },
      "64": {
        "start": { "line": 65, "column": 0 },
        "end": { "line": 65, "column": 40 }
      },
      "65": {
        "start": { "line": 66, "column": 0 },
        "end": { "line": 66, "column": 41 }
      },
      "66": {
        "start": { "line": 67, "column": 0 },
        "end": { "line": 67, "column": 16 }
      },
      "67": {
        "start": { "line": 68, "column": 0 },
        "end": { "line": 68, "column": 18 }
      },
      "68": {
        "start": { "line": 69, "column": 0 },
        "end": { "line": 69, "column": 16 }
      },
      "70": {
        "start": { "line": 71, "column": 0 },
        "end": { "line": 71, "column": 5 }
      },
      "71": {
        "start": { "line": 72, "column": 0 },
        "end": { "line": 72, "column": 3 }
      },
      "73": {
        "start": { "line": 74, "column": 0 },
        "end": { "line": 74, "column": 12 }
      },
      "74": {
        "start": { "line": 75, "column": 0 },
        "end": { "line": 75, "column": 57 }
      },
      "76": {
        "start": { "line": 77, "column": 0 },
        "end": { "line": 77, "column": 26 }
      },
      "77": {
        "start": { "line": 78, "column": 0 },
        "end": { "line": 78, "column": 83 }
      },
      "79": {
        "start": { "line": 80, "column": 0 },
        "end": { "line": 80, "column": 12 }
      },
      "80": {
        "start": { "line": 81, "column": 0 },
        "end": { "line": 81, "column": 70 }
      },
      "81": {
        "start": { "line": 82, "column": 0 },
        "end": { "line": 82, "column": 40 }
      },
      "82": {
        "start": { "line": 83, "column": 0 },
        "end": { "line": 83, "column": 32 }
      },
      "83": {
        "start": { "line": 84, "column": 0 },
        "end": { "line": 84, "column": 20 }
      },
      "84": {
        "start": { "line": 85, "column": 0 },
        "end": { "line": 85, "column": 60 }
      },
      "85": {
        "start": { "line": 86, "column": 0 },
        "end": { "line": 86, "column": 20 }
      },
      "86": {
        "start": { "line": 87, "column": 0 },
        "end": { "line": 87, "column": 18 }
      },
      "88": {
        "start": { "line": 89, "column": 0 },
        "end": { "line": 89, "column": 14 }
      },
      "89": {
        "start": { "line": 90, "column": 0 },
        "end": { "line": 90, "column": 47 }
      },
      "90": {
        "start": { "line": 91, "column": 0 },
        "end": { "line": 91, "column": 12 }
      },
      "92": {
        "start": { "line": 93, "column": 0 },
        "end": { "line": 93, "column": 3 }
      },
      "93": {
        "start": { "line": 94, "column": 0 },
        "end": { "line": 94, "column": 1 }
      }
    },
    "s": {
      "0": 1,
      "10": 1,
      "11": 4,
      "12": 4,
      "13": 4,
      "14": 4,
      "15": 4,
      "16": 4,
      "17": 4,
      "19": 4,
      "20": 64,
      "22": 64,
      "23": 64,
      "24": 1,
      "25": 1,
      "26": 1,
      "27": 1,
      "28": 1,
      "29": 1,
      "32": 64,
      "33": 1,
      "34": 1,
      "35": 1,
      "36": 1,
      "37": 1,
      "38": 1,
      "41": 64,
      "42": 1,
      "43": 1,
      "44": 1,
      "45": 1,
      "46": 1,
      "47": 1,
      "48": 1,
      "49": 1,
      "52": 64,
      "53": 61,
      "54": 61,
      "55": 61,
      "56": 61,
      "57": 61,
      "58": 61,
      "59": 61,
      "60": 61,
      "61": 61,
      "62": 61,
      "63": 61,
      "64": 61,
      "65": 61,
      "66": 61,
      "67": 61,
      "68": 61,
      "70": 64,
      "71": 64,
      "73": 4,
      "74": 64,
      "76": 64,
      "77": 64,
      "79": 64,
      "80": 64,
      "81": 64,
      "82": 64,
      "83": 64,
      "84": 63,
      "85": 63,
      "86": 63,
      "88": 64,
      "89": 64,
      "90": 64,
      "92": 64,
      "93": 4
    },
    "branchMap": {
      "0": {
        "type": "branch",
        "line": 11,
        "loc": {
          "start": { "line": 11, "column": 59 },
          "end": { "line": 94, "column": 1 }
        },
        "locations": [
          {
            "start": { "line": 11, "column": 59 },
            "end": { "line": 94, "column": 1 }
          }
        ]
      },
      "1": {
        "type": "branch",
        "line": 20,
        "loc": {
          "start": { "line": 20, "column": 2 },
          "end": { "line": 72, "column": 3 }
        },
        "locations": [
          {
            "start": { "line": 20, "column": 2 },
            "end": { "line": 72, "column": 3 }
          }
        ]
      },
      "2": {
        "type": "branch",
        "line": 24,
        "loc": {
          "start": { "line": 24, "column": 6 },
          "end": { "line": 30, "column": 16 }
        },
        "locations": [
          {
            "start": { "line": 24, "column": 6 },
            "end": { "line": 30, "column": 16 }
          }
        ]
      },
      "3": {
        "type": "branch",
        "line": 33,
        "loc": {
          "start": { "line": 33, "column": 6 },
          "end": { "line": 39, "column": 16 }
        },
        "locations": [
          {
            "start": { "line": 33, "column": 6 },
            "end": { "line": 39, "column": 16 }
          }
        ]
      },
      "4": {
        "type": "branch",
        "line": 42,
        "loc": {
          "start": { "line": 42, "column": 6 },
          "end": { "line": 50, "column": 16 }
        },
        "locations": [
          {
            "start": { "line": 42, "column": 6 },
            "end": { "line": 50, "column": 16 }
          }
        ]
      },
      "5": {
        "type": "branch",
        "line": 53,
        "loc": {
          "start": { "line": 53, "column": 6 },
          "end": { "line": 69, "column": 16 }
        },
        "locations": [
          {
            "start": { "line": 53, "column": 6 },
            "end": { "line": 69, "column": 16 }
          }
        ]
      },
      "6": {
        "type": "branch",
        "line": 74,
        "loc": {
          "start": { "line": 74, "column": 2 },
          "end": { "line": 93, "column": 3 }
        },
        "locations": [
          {
            "start": { "line": 74, "column": 2 },
            "end": { "line": 93, "column": 3 }
          }
        ]
      },
      "7": {
        "type": "branch",
        "line": 78,
        "loc": {
          "start": { "line": 78, "column": 43 },
          "end": { "line": 78, "column": 71 }
        },
        "locations": [
          {
            "start": { "line": 78, "column": 43 },
            "end": { "line": 78, "column": 71 }
          }
        ]
      },
      "8": {
        "type": "branch",
        "line": 78,
        "loc": {
          "start": { "line": 78, "column": 56 },
          "end": { "line": 78, "column": 73 }
        },
        "locations": [
          {
            "start": { "line": 78, "column": 56 },
            "end": { "line": 78, "column": 73 }
          }
        ]
      },
      "9": {
        "type": "branch",
        "line": 84,
        "loc": {
          "start": { "line": 84, "column": 11 },
          "end": { "line": 87, "column": 18 }
        },
        "locations": [
          {
            "start": { "line": 84, "column": 11 },
            "end": { "line": 87, "column": 18 }
          }
        ]
      }
    },
    "b": {
      "0": [4],
      "1": [64],
      "2": [1],
      "3": [1],
      "4": [1],
      "5": [61],
      "6": [64],
      "7": [2],
      "8": [62],
      "9": [63]
    },
    "fnMap": {
      "0": {
        "name": "<static_initializer>",
        "decl": {
          "start": { "line": 11, "column": 59 },
          "end": { "line": 94, "column": 1 }
        },
        "loc": {
          "start": { "line": 11, "column": 59 },
          "end": { "line": 94, "column": 1 }
        },
        "line": 11
      },
      "1": {
        "name": "renderSpinner",
        "decl": {
          "start": { "line": 20, "column": 2 },
          "end": { "line": 72, "column": 3 }
        },
        "loc": {
          "start": { "line": 20, "column": 2 },
          "end": { "line": 72, "column": 3 }
        },
        "line": 20
      },
      "2": {
        "name": "render",
        "decl": {
          "start": { "line": 74, "column": 2 },
          "end": { "line": 93, "column": 3 }
        },
        "loc": {
          "start": { "line": 74, "column": 2 },
          "end": { "line": 93, "column": 3 }
        },
        "line": 74
      }
    },
    "f": { "0": 4, "1": 64, "2": 64 }
  },
  "/Users/ales/Desktop/Courses/React/class-component/src/components/Results.tsx": {
    "path": "/Users/ales/Desktop/Courses/React/class-component/src/components/Results.tsx",
    "all": false,
    "statementMap": {
      "0": {
        "start": { "line": 1, "column": 0 },
        "end": { "line": 1, "column": 34 }
      },
      "13": {
        "start": { "line": 14, "column": 0 },
        "end": { "line": 14, "column": 80 }
      },
      "14": {
        "start": { "line": 15, "column": 0 },
        "end": { "line": 15, "column": 47 }
      },
      "15": {
        "start": { "line": 16, "column": 0 },
        "end": { "line": 16, "column": 17 }
      },
      "16": {
        "start": { "line": 17, "column": 0 },
        "end": { "line": 17, "column": 63 }
      },
      "17": {
        "start": { "line": 18, "column": 0 },
        "end": { "line": 18, "column": 18 }
      },
      "18": {
        "start": { "line": 19, "column": 0 },
        "end": { "line": 19, "column": 21 }
      },
      "19": {
        "start": { "line": 20, "column": 0 },
        "end": { "line": 20, "column": 18 }
      },
      "20": {
        "start": { "line": 21, "column": 0 },
        "end": { "line": 21, "column": 18 }
      },
      "21": {
        "start": { "line": 22, "column": 0 },
        "end": { "line": 22, "column": 28 }
      },
      "22": {
        "start": { "line": 23, "column": 0 },
        "end": { "line": 23, "column": 6 }
      },
      "23": {
        "start": { "line": 24, "column": 0 },
        "end": { "line": 24, "column": 3 }
      },
      "25": {
        "start": { "line": 26, "column": 0 },
        "end": { "line": 26, "column": 23 }
      },
      "26": {
        "start": { "line": 27, "column": 0 },
        "end": { "line": 27, "column": 21 }
      },
      "27": {
        "start": { "line": 28, "column": 0 },
        "end": { "line": 28, "column": 3 }
      },
      "29": {
        "start": { "line": 30, "column": 0 },
        "end": { "line": 30, "column": 43 }
      },
      "30": {
        "start": { "line": 31, "column": 0 },
        "end": { "line": 31, "column": 50 }
      },
      "31": {
        "start": { "line": 32, "column": 0 },
        "end": { "line": 32, "column": 23 }
      },
      "32": {
        "start": { "line": 33, "column": 0 },
        "end": { "line": 33, "column": 7 }
      },
      "33": {
        "start": { "line": 34, "column": 0 },
        "end": { "line": 34, "column": 4 }
      },
      "35": {
        "start": { "line": 36, "column": 0 },
        "end": { "line": 36, "column": 21 }
      },
      "36": {
        "start": { "line": 37, "column": 0 },
        "end": { "line": 37, "column": 50 }
      },
      "37": {
        "start": { "line": 38, "column": 0 },
        "end": { "line": 38, "column": 38 }
      },
      "39": {
        "start": { "line": 40, "column": 0 },
        "end": { "line": 40, "column": 34 }
      },
      "40": {
        "start": { "line": 41, "column": 0 },
        "end": { "line": 41, "column": 23 }
      },
      "41": {
        "start": { "line": 42, "column": 0 },
        "end": { "line": 42, "column": 65 }
      },
      "42": {
        "start": { "line": 43, "column": 0 },
        "end": { "line": 43, "column": 8 }
      },
      "43": {
        "start": { "line": 44, "column": 0 },
        "end": { "line": 44, "column": 20 }
      },
      "44": {
        "start": { "line": 45, "column": 0 },
        "end": { "line": 45, "column": 78 }
      },
      "45": {
        "start": { "line": 46, "column": 0 },
        "end": { "line": 46, "column": 9 }
      },
      "46": {
        "start": { "line": 47, "column": 0 },
        "end": { "line": 47, "column": 4 }
      },
      "48": {
        "start": { "line": 49, "column": 0 },
        "end": { "line": 49, "column": 12 }
      },
      "49": {
        "start": { "line": 50, "column": 0 },
        "end": { "line": 50, "column": 51 }
      },
      "51": {
        "start": { "line": 52, "column": 0 },
        "end": { "line": 52, "column": 16 }
      },
      "52": {
        "start": { "line": 53, "column": 0 },
        "end": { "line": 53, "column": 14 }
      },
      "53": {
        "start": { "line": 54, "column": 0 },
        "end": { "line": 54, "column": 15 }
      },
      "54": {
        "start": { "line": 55, "column": 0 },
        "end": { "line": 55, "column": 27 }
      },
      "55": {
        "start": { "line": 56, "column": 0 },
        "end": { "line": 56, "column": 22 }
      },
      "56": {
        "start": { "line": 57, "column": 0 },
        "end": { "line": 57, "column": 53 }
      },
      "57": {
        "start": { "line": 58, "column": 0 },
        "end": { "line": 58, "column": 10 }
      },
      "59": {
        "start": { "line": 60, "column": 0 },
        "end": { "line": 60, "column": 66 }
      },
      "61": {
        "start": { "line": 62, "column": 0 },
        "end": { "line": 62, "column": 12 }
      },
      "62": {
        "start": { "line": 63, "column": 0 },
        "end": { "line": 63, "column": 31 }
      },
      "63": {
        "start": { "line": 64, "column": 0 },
        "end": { "line": 64, "column": 42 }
      },
      "64": {
        "start": { "line": 65, "column": 0 },
        "end": { "line": 65, "column": 33 }
      },
      "65": {
        "start": { "line": 66, "column": 0 },
        "end": { "line": 66, "column": 37 }
      },
      "67": {
        "start": { "line": 68, "column": 0 },
        "end": { "line": 68, "column": 38 }
      },
      "68": {
        "start": { "line": 69, "column": 0 },
        "end": { "line": 69, "column": 17 }
      },
      "69": {
        "start": { "line": 70, "column": 0 },
        "end": { "line": 70, "column": 32 }
      },
      "70": {
        "start": { "line": 71, "column": 0 },
        "end": { "line": 71, "column": 35 }
      },
      "71": {
        "start": { "line": 72, "column": 0 },
        "end": { "line": 72, "column": 151 }
      },
      "72": {
        "start": { "line": 73, "column": 0 },
        "end": { "line": 73, "column": 14 }
      },
      "73": {
        "start": { "line": 74, "column": 0 },
        "end": { "line": 74, "column": 12 }
      },
      "75": {
        "start": { "line": 76, "column": 0 },
        "end": { "line": 76, "column": 12 }
      },
      "77": {
        "start": { "line": 78, "column": 0 },
        "end": { "line": 78, "column": 3 }
      },
      "78": {
        "start": { "line": 79, "column": 0 },
        "end": { "line": 79, "column": 1 }
      }
    },
    "s": {
      "0": 1,
      "13": 1,
      "14": 44,
      "15": 46,
      "16": 46,
      "17": 46,
      "18": 46,
      "19": 46,
      "20": 46,
      "21": 46,
      "22": 46,
      "23": 46,
      "25": 44,
      "26": 44,
      "27": 44,
      "29": 44,
      "30": 1,
      "31": 1,
      "32": 1,
      "33": 1,
      "35": 44,
      "36": 45,
      "37": 45,
      "39": 45,
      "40": 45,
      "41": 38,
      "42": 45,
      "43": 45,
      "44": 5,
      "45": 45,
      "46": 45,
      "48": 44,
      "49": 132,
      "51": 132,
      "52": 132,
      "53": 45,
      "54": 45,
      "55": 45,
      "56": 45,
      "57": 45,
      "59": 132,
      "61": 82,
      "62": 82,
      "63": 82,
      "64": 82,
      "65": 47,
      "67": 35,
      "68": 67,
      "69": 67,
      "70": 67,
      "71": 67,
      "72": 67,
      "73": 35,
      "75": 132,
      "77": 132,
      "78": 44
    },
    "branchMap": {
      "0": {
        "type": "branch",
        "line": 14,
        "loc": {
          "start": { "line": 14, "column": 79 },
          "end": { "line": 79, "column": 1 }
        },
        "locations": [
          {
            "start": { "line": 14, "column": 79 },
            "end": { "line": 79, "column": 1 }
          }
        ]
      },
      "1": {
        "type": "branch",
        "line": 15,
        "loc": {
          "start": { "line": 15, "column": 2 },
          "end": { "line": 24, "column": 3 }
        },
        "locations": [
          {
            "start": { "line": 15, "column": 2 },
            "end": { "line": 24, "column": 3 }
          }
        ]
      },
      "2": {
        "type": "branch",
        "line": 17,
        "loc": {
          "start": { "line": 17, "column": 55 },
          "end": { "line": 17, "column": 63 }
        },
        "locations": [
          {
            "start": { "line": 17, "column": 55 },
            "end": { "line": 17, "column": 63 }
          }
        ]
      },
      "3": {
        "type": "branch",
        "line": 26,
        "loc": {
          "start": { "line": 26, "column": 2 },
          "end": { "line": 28, "column": 3 }
        },
        "locations": [
          {
            "start": { "line": 26, "column": 2 },
            "end": { "line": 28, "column": 3 }
          }
        ]
      },
      "4": {
        "type": "branch",
        "line": 30,
        "loc": {
          "start": { "line": 30, "column": 21 },
          "end": { "line": 34, "column": 4 }
        },
        "locations": [
          {
            "start": { "line": 30, "column": 21 },
            "end": { "line": 34, "column": 4 }
          }
        ]
      },
      "5": {
        "type": "branch",
        "line": 31,
        "loc": {
          "start": { "line": 31, "column": 43 },
          "end": { "line": 33, "column": 5 }
        },
        "locations": [
          {
            "start": { "line": 31, "column": 43 },
            "end": { "line": 33, "column": 5 }
          }
        ]
      },
      "6": {
        "type": "branch",
        "line": 36,
        "loc": {
          "start": { "line": 36, "column": 14 },
          "end": { "line": 47, "column": 4 }
        },
        "locations": [
          {
            "start": { "line": 36, "column": 14 },
            "end": { "line": 47, "column": 4 }
          }
        ]
      },
      "7": {
        "type": "branch",
        "line": 41,
        "loc": {
          "start": { "line": 41, "column": 12 },
          "end": { "line": 43, "column": 7 }
        },
        "locations": [
          {
            "start": { "line": 41, "column": 12 },
            "end": { "line": 43, "column": 7 }
          }
        ]
      },
      "8": {
        "type": "branch",
        "line": 44,
        "loc": {
          "start": { "line": 44, "column": 13 },
          "end": { "line": 46, "column": 7 }
        },
        "locations": [
          {
            "start": { "line": 44, "column": 13 },
            "end": { "line": 46, "column": 7 }
          }
        ]
      },
      "9": {
        "type": "branch",
        "line": 49,
        "loc": {
          "start": { "line": 49, "column": 2 },
          "end": { "line": 78, "column": 3 }
        },
        "locations": [
          {
            "start": { "line": 49, "column": 2 },
            "end": { "line": 78, "column": 3 }
          }
        ]
      },
      "10": {
        "type": "branch",
        "line": 53,
        "loc": {
          "start": { "line": 53, "column": 6 },
          "end": { "line": 58, "column": 10 }
        },
        "locations": [
          {
            "start": { "line": 53, "column": 6 },
            "end": { "line": 58, "column": 10 }
          }
        ]
      },
      "11": {
        "type": "branch",
        "line": 58,
        "loc": {
          "start": { "line": 58, "column": 8 },
          "end": { "line": 60, "column": 22 }
        },
        "locations": [
          {
            "start": { "line": 58, "column": 8 },
            "end": { "line": 60, "column": 22 }
          }
        ]
      },
      "12": {
        "type": "branch",
        "line": 60,
        "loc": {
          "start": { "line": 60, "column": 15 },
          "end": { "line": 60, "column": 66 }
        },
        "locations": [
          {
            "start": { "line": 60, "column": 15 },
            "end": { "line": 60, "column": 66 }
          }
        ]
      },
      "13": {
        "type": "branch",
        "line": 60,
        "loc": {
          "start": { "line": 60, "column": 59 },
          "end": { "line": 65, "column": 33 }
        },
        "locations": [
          {
            "start": { "line": 60, "column": 59 },
            "end": { "line": 65, "column": 33 }
          }
        ]
      },
      "14": {
        "type": "branch",
        "line": 65,
        "loc": {
          "start": { "line": 65, "column": 28 },
          "end": { "line": 66, "column": 37 }
        },
        "locations": [
          {
            "start": { "line": 65, "column": 28 },
            "end": { "line": 66, "column": 37 }
          }
        ]
      },
      "15": {
        "type": "branch",
        "line": 66,
        "loc": {
          "start": { "line": 66, "column": 33 },
          "end": { "line": 74, "column": 12 }
        },
        "locations": [
          {
            "start": { "line": 66, "column": 33 },
            "end": { "line": 74, "column": 12 }
          }
        ]
      },
      "16": {
        "type": "branch",
        "line": 68,
        "loc": {
          "start": { "line": 68, "column": 22 },
          "end": { "line": 73, "column": 14 }
        },
        "locations": [
          {
            "start": { "line": 68, "column": 22 },
            "end": { "line": 73, "column": 14 }
          }
        ]
      }
    },
    "b": {
      "0": [44],
      "1": [46],
      "2": [37],
      "3": [44],
      "4": [1],
      "5": [1],
      "6": [45],
      "7": [38],
      "8": [5],
      "9": [132],
      "10": [45],
      "11": [87],
      "12": [5],
      "13": [82],
      "14": [47],
      "15": [35],
      "16": [67]
    },
    "fnMap": {
      "0": {
        "name": "<instance_members_initializer>",
        "decl": {
          "start": { "line": 14, "column": 79 },
          "end": { "line": 79, "column": 1 }
        },
        "loc": {
          "start": { "line": 14, "column": 79 },
          "end": { "line": 79, "column": 1 }
        },
        "line": 14
      },
      "1": {
        "name": "Results",
        "decl": {
          "start": { "line": 15, "column": 2 },
          "end": { "line": 24, "column": 3 }
        },
        "loc": {
          "start": { "line": 15, "column": 2 },
          "end": { "line": 24, "column": 3 }
        },
        "line": 15
      },
      "2": {
        "name": "componentDidMount",
        "decl": {
          "start": { "line": 26, "column": 2 },
          "end": { "line": 28, "column": 3 }
        },
        "loc": {
          "start": { "line": 26, "column": 2 },
          "end": { "line": 28, "column": 3 }
        },
        "line": 26
      },
      "3": {
        "name": "updateSearchTerm",
        "decl": {
          "start": { "line": 30, "column": 21 },
          "end": { "line": 34, "column": 4 }
        },
        "loc": {
          "start": { "line": 30, "column": 21 },
          "end": { "line": 34, "column": 4 }
        },
        "line": 30
      },
      "4": {
        "name": "fetchData",
        "decl": {
          "start": { "line": 36, "column": 14 },
          "end": { "line": 47, "column": 4 }
        },
        "loc": {
          "start": { "line": 36, "column": 14 },
          "end": { "line": 47, "column": 4 }
        },
        "line": 36
      },
      "5": {
        "name": "render",
        "decl": {
          "start": { "line": 49, "column": 2 },
          "end": { "line": 78, "column": 3 }
        },
        "loc": {
          "start": { "line": 49, "column": 2 },
          "end": { "line": 78, "column": 3 }
        },
        "line": 49
      }
    },
    "f": { "0": 44, "1": 46, "2": 44, "3": 1, "4": 45, "5": 132 }
  },
  "/Users/ales/Desktop/Courses/React/class-component/src/components/Search.tsx": {
    "path": "/Users/ales/Desktop/Courses/React/class-component/src/components/Search.tsx",
    "all": false,
    "statementMap": {
      "0": {
        "start": { "line": 1, "column": 0 },
        "end": { "line": 1, "column": 41 }
      },
      "10": {
        "start": { "line": 11, "column": 0 },
        "end": { "line": 11, "column": 61 }
      },
      "11": {
        "start": { "line": 12, "column": 0 },
        "end": { "line": 12, "column": 29 }
      },
      "12": {
        "start": { "line": 13, "column": 0 },
        "end": { "line": 13, "column": 17 }
      },
      "13": {
        "start": { "line": 14, "column": 0 },
        "end": { "line": 14, "column": 63 }
      },
      "14": {
        "start": { "line": 15, "column": 0 },
        "end": { "line": 15, "column": 37 }
      },
      "15": {
        "start": { "line": 16, "column": 0 },
        "end": { "line": 16, "column": 3 }
      },
      "17": {
        "start": { "line": 18, "column": 0 },
        "end": { "line": 18, "column": 62 }
      },
      "18": {
        "start": { "line": 19, "column": 0 },
        "end": { "line": 19, "column": 44 }
      },
      "19": {
        "start": { "line": 20, "column": 0 },
        "end": { "line": 20, "column": 4 }
      },
      "21": {
        "start": { "line": 22, "column": 0 },
        "end": { "line": 22, "column": 24 }
      },
      "22": {
        "start": { "line": 23, "column": 0 },
        "end": { "line": 23, "column": 43 }
      },
      "23": {
        "start": { "line": 24, "column": 0 },
        "end": { "line": 24, "column": 48 }
      },
      "24": {
        "start": { "line": 25, "column": 0 },
        "end": { "line": 25, "column": 35 }
      },
      "25": {
        "start": { "line": 26, "column": 0 },
        "end": { "line": 26, "column": 4 }
      },
      "27": {
        "start": { "line": 28, "column": 0 },
        "end": { "line": 28, "column": 12 }
      },
      "28": {
        "start": { "line": 29, "column": 0 },
        "end": { "line": 29, "column": 12 }
      },
      "29": {
        "start": { "line": 30, "column": 0 },
        "end": { "line": 30, "column": 30 }
      },
      "30": {
        "start": { "line": 31, "column": 0 },
        "end": { "line": 31, "column": 14 }
      },
      "31": {
        "start": { "line": 32, "column": 0 },
        "end": { "line": 32, "column": 33 }
      },
      "32": {
        "start": { "line": 33, "column": 0 },
        "end": { "line": 33, "column": 38 }
      },
      "33": {
        "start": { "line": 34, "column": 0 },
        "end": { "line": 34, "column": 63 }
      },
      "34": {
        "start": { "line": 35, "column": 0 },
        "end": { "line": 35, "column": 10 }
      },
      "35": {
        "start": { "line": 36, "column": 0 },
        "end": { "line": 36, "column": 59 }
      },
      "36": {
        "start": { "line": 37, "column": 0 },
        "end": { "line": 37, "column": 12 }
      },
      "38": {
        "start": { "line": 39, "column": 0 },
        "end": { "line": 39, "column": 3 }
      },
      "39": {
        "start": { "line": 40, "column": 0 },
        "end": { "line": 40, "column": 1 }
      }
    },
    "s": {
      "0": 1,
      "10": 1,
      "11": 27,
      "12": 29,
      "13": 29,
      "14": 29,
      "15": 29,
      "17": 27,
      "18": 15,
      "19": 15,
      "21": 27,
      "22": 8,
      "23": 8,
      "24": 8,
      "25": 8,
      "27": 27,
      "28": 43,
      "29": 43,
      "30": 43,
      "31": 43,
      "32": 43,
      "33": 43,
      "34": 43,
      "35": 43,
      "36": 43,
      "38": 43,
      "39": 27
    },
    "branchMap": {
      "0": {
        "type": "branch",
        "line": 11,
        "loc": {
          "start": { "line": 11, "column": 60 },
          "end": { "line": 40, "column": 1 }
        },
        "locations": [
          {
            "start": { "line": 11, "column": 60 },
            "end": { "line": 40, "column": 1 }
          }
        ]
      },
      "1": {
        "type": "branch",
        "line": 12,
        "loc": {
          "start": { "line": 12, "column": 2 },
          "end": { "line": 16, "column": 3 }
        },
        "locations": [
          {
            "start": { "line": 12, "column": 2 },
            "end": { "line": 16, "column": 3 }
          }
        ]
      },
      "2": {
        "type": "branch",
        "line": 14,
        "loc": {
          "start": { "line": 14, "column": 55 },
          "end": { "line": 14, "column": 63 }
        },
        "locations": [
          {
            "start": { "line": 14, "column": 55 },
            "end": { "line": 14, "column": 63 }
          }
        ]
      },
      "3": {
        "type": "branch",
        "line": 18,
        "loc": {
          "start": { "line": 18, "column": 17 },
          "end": { "line": 20, "column": 4 }
        },
        "locations": [
          {
            "start": { "line": 18, "column": 17 },
            "end": { "line": 20, "column": 4 }
          }
        ]
      },
      "4": {
        "type": "branch",
        "line": 22,
        "loc": {
          "start": { "line": 22, "column": 17 },
          "end": { "line": 26, "column": 4 }
        },
        "locations": [
          {
            "start": { "line": 22, "column": 17 },
            "end": { "line": 26, "column": 4 }
          }
        ]
      },
      "5": {
        "type": "branch",
        "line": 25,
        "loc": {
          "start": { "line": 25, "column": 15 },
          "end": { "line": 25, "column": 35 }
        },
        "locations": [
          {
            "start": { "line": 25, "column": 15 },
            "end": { "line": 25, "column": 35 }
          }
        ]
      },
      "6": {
        "type": "branch",
        "line": 28,
        "loc": {
          "start": { "line": 28, "column": 2 },
          "end": { "line": 39, "column": 3 }
        },
        "locations": [
          {
            "start": { "line": 28, "column": 2 },
            "end": { "line": 39, "column": 3 }
          }
        ]
      }
    },
    "b": {
      "0": [27],
      "1": [29],
      "2": [23],
      "3": [15],
      "4": [8],
      "5": [6],
      "6": [43]
    },
    "fnMap": {
      "0": {
        "name": "<instance_members_initializer>",
        "decl": {
          "start": { "line": 11, "column": 60 },
          "end": { "line": 40, "column": 1 }
        },
        "loc": {
          "start": { "line": 11, "column": 60 },
          "end": { "line": 40, "column": 1 }
        },
        "line": 11
      },
      "1": {
        "name": "Search",
        "decl": {
          "start": { "line": 12, "column": 2 },
          "end": { "line": 16, "column": 3 }
        },
        "loc": {
          "start": { "line": 12, "column": 2 },
          "end": { "line": 16, "column": 3 }
        },
        "line": 12
      },
      "2": {
        "name": "handleChange",
        "decl": {
          "start": { "line": 18, "column": 17 },
          "end": { "line": 20, "column": 4 }
        },
        "loc": {
          "start": { "line": 18, "column": 17 },
          "end": { "line": 20, "column": 4 }
        },
        "line": 18
      },
      "3": {
        "name": "handleSearch",
        "decl": {
          "start": { "line": 22, "column": 17 },
          "end": { "line": 26, "column": 4 }
        },
        "loc": {
          "start": { "line": 22, "column": 17 },
          "end": { "line": 26, "column": 4 }
        },
        "line": 22
      },
      "4": {
        "name": "render",
        "decl": {
          "start": { "line": 28, "column": 2 },
          "end": { "line": 39, "column": 3 }
        },
        "loc": {
          "start": { "line": 28, "column": 2 },
          "end": { "line": 39, "column": 3 }
        },
        "line": 28
      }
    },
    "f": { "0": 27, "1": 29, "2": 15, "3": 8, "4": 43 }
  },
  "/Users/ales/Desktop/Courses/React/class-component/src/constants/keys.ts": {
    "path": "/Users/ales/Desktop/Courses/React/class-component/src/constants/keys.ts",
    "all": true,
    "statementMap": {
      "0": {
        "start": { "line": 1, "column": 0 },
        "end": { "line": 1, "column": 64 }
      }
    },
    "s": { "0": 0 },
    "branchMap": {
      "0": {
        "type": "branch",
        "line": 1,
        "loc": {
          "start": { "line": 1, "column": 90 },
          "end": { "line": 3, "column": 24 }
        },
        "locations": [
          {
            "start": { "line": 1, "column": 90 },
            "end": { "line": 3, "column": 24 }
          }
        ]
      }
    },
    "b": { "0": [0] },
    "fnMap": {
      "0": {
        "name": "(empty-report)",
        "decl": {
          "start": { "line": 1, "column": 90 },
          "end": { "line": 3, "column": 24 }
        },
        "loc": {
          "start": { "line": 1, "column": 90 },
          "end": { "line": 3, "column": 24 }
        },
        "line": 1
      }
    },
    "f": { "0": 0 }
  }
}
