{
  "/Users/ales/Desktop/Courses/React/class-component/src/App.tsx": {
    "path": "/Users/ales/Desktop/Courses/React/class-component/src/App.tsx",
    "all": false,
    "statementMap": {
      "0": {
        "start": { "line": 1, "column": 0 },
        "end": { "line": 1, "column": 26 }
      },
      "1": {
        "start": { "line": 2, "column": 0 },
        "end": { "line": 2, "column": 58 }
      },
      "2": {
        "start": { "line": 3, "column": 0 },
        "end": { "line": 3, "column": 42 }
      },
      "3": {
        "start": { "line": 4, "column": 0 },
        "end": { "line": 4, "column": 44 }
      },
      "5": {
        "start": { "line": 6, "column": 0 },
        "end": { "line": 6, "column": 29 }
      },
      "6": {
        "start": { "line": 7, "column": 0 },
        "end": { "line": 7, "column": 69 }
      },
      "7": {
        "start": { "line": 8, "column": 0 },
        "end": { "line": 8, "column": 47 }
      },
      "8": {
        "start": { "line": 9, "column": 0 },
        "end": { "line": 9, "column": 44 }
      },
      "9": {
        "start": { "line": 10, "column": 0 },
        "end": { "line": 10, "column": 4 }
      },
      "11": {
        "start": { "line": 12, "column": 0 },
        "end": { "line": 12, "column": 10 }
      },
      "12": {
        "start": { "line": 13, "column": 0 },
        "end": { "line": 13, "column": 41 }
      },
      "13": {
        "start": { "line": 14, "column": 0 },
        "end": { "line": 14, "column": 22 }
      },
      "14": {
        "start": { "line": 15, "column": 0 },
        "end": { "line": 15, "column": 29 }
      },
      "15": {
        "start": { "line": 16, "column": 0 },
        "end": { "line": 16, "column": 20 }
      },
      "16": {
        "start": { "line": 17, "column": 0 },
        "end": { "line": 17, "column": 14 }
      },
      "17": {
        "start": { "line": 18, "column": 0 },
        "end": { "line": 18, "column": 23 }
      },
      "18": {
        "start": { "line": 19, "column": 0 },
        "end": { "line": 19, "column": 20 }
      },
      "20": {
        "start": { "line": 21, "column": 0 },
        "end": { "line": 21, "column": 2 }
      },
      "22": {
        "start": { "line": 23, "column": 0 },
        "end": { "line": 23, "column": 19 }
      }
    },
    "s": {
      "0": 1,
      "1": 1,
      "2": 1,
      "3": 1,
      "5": 1,
      "6": 5,
      "7": 0,
      "8": 0,
      "9": 0,
      "11": 5,
      "12": 5,
      "13": 5,
      "14": 5,
      "15": 5,
      "16": 5,
      "17": 5,
      "18": 5,
      "20": 5,
      "22": 1
    },
    "branchMap": {
      "0": {
        "type": "branch",
        "line": 6,
        "loc": {
          "start": { "line": 6, "column": 22 },
          "end": { "line": 21, "column": 2 }
        },
        "locations": [
          {
            "start": { "line": 6, "column": 22 },
            "end": { "line": 21, "column": 2 }
          }
        ]
      }
    },
    "b": { "0": [5] },
    "fnMap": {
      "0": {
        "name": "App",
        "decl": {
          "start": { "line": 6, "column": 22 },
          "end": { "line": 21, "column": 2 }
        },
        "loc": {
          "start": { "line": 6, "column": 22 },
          "end": { "line": 21, "column": 2 }
        },
        "line": 6
      },
      "1": {
        "name": "handleError",
        "decl": {
          "start": { "line": 7, "column": 22 },
          "end": { "line": 10, "column": 4 }
        },
        "loc": {
          "start": { "line": 7, "column": 22 },
          "end": { "line": 10, "column": 4 }
        },
        "line": 7
      }
    },
    "f": { "0": 5, "1": 0 }
  },
  "/Users/ales/Desktop/Courses/React/class-component/src/ErrorBoundary.tsx": {
    "path": "/Users/ales/Desktop/Courses/React/class-component/src/ErrorBoundary.tsx",
    "all": false,
    "statementMap": {
      "0": {
        "start": { "line": 1, "column": 0 },
        "end": { "line": 1, "column": 66 }
      },
      "15": {
        "start": { "line": 16, "column": 0 },
        "end": { "line": 16, "column": 68 }
      },
      "16": {
        "start": { "line": 17, "column": 0 },
        "end": { "line": 17, "column": 25 }
      },
      "18": {
        "start": { "line": 19, "column": 0 },
        "end": { "line": 19, "column": 29 }
      },
      "19": {
        "start": { "line": 20, "column": 0 },
        "end": { "line": 20, "column": 17 }
      },
      "20": {
        "start": { "line": 21, "column": 0 },
        "end": { "line": 21, "column": 18 }
      },
      "21": {
        "start": { "line": 22, "column": 0 },
        "end": { "line": 22, "column": 22 }
      },
      "22": {
        "start": { "line": 23, "column": 0 },
        "end": { "line": 23, "column": 18 }
      },
      "23": {
        "start": { "line": 24, "column": 0 },
        "end": { "line": 24, "column": 22 }
      },
      "24": {
        "start": { "line": 25, "column": 0 },
        "end": { "line": 25, "column": 20 }
      },
      "25": {
        "start": { "line": 26, "column": 0 },
        "end": { "line": 26, "column": 6 }
      },
      "26": {
        "start": { "line": 27, "column": 0 },
        "end": { "line": 27, "column": 3 }
      },
      "28": {
        "start": { "line": 29, "column": 0 },
        "end": { "line": 29, "column": 65 }
      },
      "29": {
        "start": { "line": 30, "column": 0 },
        "end": { "line": 30, "column": 12 }
      },
      "30": {
        "start": { "line": 31, "column": 0 },
        "end": { "line": 31, "column": 21 }
      },
      "31": {
        "start": { "line": 32, "column": 0 },
        "end": { "line": 32, "column": 12 }
      },
      "32": {
        "start": { "line": 33, "column": 0 },
        "end": { "line": 33, "column": 6 }
      },
      "33": {
        "start": { "line": 34, "column": 0 },
        "end": { "line": 34, "column": 3 }
      },
      "35": {
        "start": { "line": 36, "column": 0 },
        "end": { "line": 36, "column": 57 }
      },
      "36": {
        "start": { "line": 37, "column": 0 },
        "end": { "line": 37, "column": 54 }
      },
      "37": {
        "start": { "line": 38, "column": 0 },
        "end": { "line": 38, "column": 35 }
      },
      "38": {
        "start": { "line": 39, "column": 0 },
        "end": { "line": 39, "column": 44 }
      },
      "39": {
        "start": { "line": 40, "column": 0 },
        "end": { "line": 40, "column": 64 }
      },
      "40": {
        "start": { "line": 41, "column": 0 },
        "end": { "line": 41, "column": 23 }
      },
      "42": {
        "start": { "line": 43, "column": 0 },
        "end": { "line": 43, "column": 19 }
      },
      "43": {
        "start": { "line": 44, "column": 0 },
        "end": { "line": 44, "column": 16 }
      },
      "44": {
        "start": { "line": 45, "column": 0 },
        "end": { "line": 45, "column": 7 }
      },
      "46": {
        "start": { "line": 47, "column": 0 },
        "end": { "line": 47, "column": 29 }
      },
      "47": {
        "start": { "line": 48, "column": 0 },
        "end": { "line": 48, "column": 43 }
      },
      "48": {
        "start": { "line": 49, "column": 0 },
        "end": { "line": 49, "column": 5 }
      },
      "49": {
        "start": { "line": 50, "column": 0 },
        "end": { "line": 50, "column": 3 }
      },
      "51": {
        "start": { "line": 52, "column": 0 },
        "end": { "line": 52, "column": 23 }
      },
      "52": {
        "start": { "line": 53, "column": 0 },
        "end": { "line": 53, "column": 50 }
      },
      "53": {
        "start": { "line": 54, "column": 0 },
        "end": { "line": 54, "column": 37 }
      },
      "54": {
        "start": { "line": 55, "column": 0 },
        "end": { "line": 55, "column": 24 }
      },
      "55": {
        "start": { "line": 56, "column": 0 },
        "end": { "line": 56, "column": 20 }
      },
      "56": {
        "start": { "line": 57, "column": 0 },
        "end": { "line": 57, "column": 24 }
      },
      "57": {
        "start": { "line": 58, "column": 0 },
        "end": { "line": 58, "column": 45 }
      },
      "58": {
        "start": { "line": 59, "column": 0 },
        "end": { "line": 59, "column": 10 }
      },
      "59": {
        "start": { "line": 60, "column": 0 },
        "end": { "line": 60, "column": 5 }
      },
      "60": {
        "start": { "line": 61, "column": 0 },
        "end": { "line": 61, "column": 4 }
      },
      "62": {
        "start": { "line": 63, "column": 0 },
        "end": { "line": 63, "column": 24 }
      },
      "63": {
        "start": { "line": 64, "column": 0 },
        "end": { "line": 64, "column": 29 }
      },
      "64": {
        "start": { "line": 65, "column": 0 },
        "end": { "line": 65, "column": 4 }
      },
      "66": {
        "start": { "line": 67, "column": 0 },
        "end": { "line": 67, "column": 29 }
      },
      "67": {
        "start": { "line": 68, "column": 0 },
        "end": { "line": 68, "column": 44 }
      },
      "68": {
        "start": { "line": 69, "column": 0 },
        "end": { "line": 69, "column": 23 }
      },
      "69": {
        "start": { "line": 70, "column": 0 },
        "end": { "line": 70, "column": 30 }
      },
      "70": {
        "start": { "line": 71, "column": 0 },
        "end": { "line": 71, "column": 26 }
      },
      "71": {
        "start": { "line": 72, "column": 0 },
        "end": { "line": 72, "column": 48 }
      },
      "72": {
        "start": { "line": 73, "column": 0 },
        "end": { "line": 73, "column": 37 }
      },
      "73": {
        "start": { "line": 74, "column": 0 },
        "end": { "line": 74, "column": 32 }
      },
      "74": {
        "start": { "line": 75, "column": 0 },
        "end": { "line": 75, "column": 42 }
      },
      "75": {
        "start": { "line": 76, "column": 0 },
        "end": { "line": 76, "column": 6 }
      },
      "77": {
        "start": { "line": 78, "column": 0 },
        "end": { "line": 78, "column": 55 }
      },
      "78": {
        "start": { "line": 79, "column": 0 },
        "end": { "line": 79, "column": 36 }
      },
      "79": {
        "start": { "line": 80, "column": 0 },
        "end": { "line": 80, "column": 63 }
      },
      "80": {
        "start": { "line": 81, "column": 0 },
        "end": { "line": 81, "column": 6 }
      },
      "81": {
        "start": { "line": 82, "column": 0 },
        "end": { "line": 82, "column": 78 }
      },
      "82": {
        "start": { "line": 83, "column": 0 },
        "end": { "line": 83, "column": 4 }
      },
      "84": {
        "start": { "line": 85, "column": 0 },
        "end": { "line": 85, "column": 24 }
      },
      "85": {
        "start": { "line": 86, "column": 0 },
        "end": { "line": 86, "column": 44 }
      },
      "87": {
        "start": { "line": 88, "column": 0 },
        "end": { "line": 88, "column": 49 }
      },
      "88": {
        "start": { "line": 89, "column": 0 },
        "end": { "line": 89, "column": 18 }
      },
      "89": {
        "start": { "line": 90, "column": 0 },
        "end": { "line": 90, "column": 5 }
      },
      "91": {
        "start": { "line": 92, "column": 0 },
        "end": { "line": 92, "column": 12 }
      },
      "92": {
        "start": { "line": 93, "column": 0 },
        "end": { "line": 93, "column": 41 }
      },
      "93": {
        "start": { "line": 94, "column": 0 },
        "end": { "line": 94, "column": 59 }
      },
      "94": {
        "start": { "line": 95, "column": 0 },
        "end": { "line": 95, "column": 36 }
      },
      "95": {
        "start": { "line": 96, "column": 0 },
        "end": { "line": 96, "column": 33 }
      },
      "96": {
        "start": { "line": 97, "column": 0 },
        "end": { "line": 97, "column": 37 }
      },
      "98": {
        "start": { "line": 99, "column": 0 },
        "end": { "line": 99, "column": 31 }
      },
      "99": {
        "start": { "line": 100, "column": 0 },
        "end": { "line": 100, "column": 35 }
      },
      "101": {
        "start": { "line": 102, "column": 0 },
        "end": { "line": 102, "column": 25 }
      },
      "102": {
        "start": { "line": 103, "column": 0 },
        "end": { "line": 103, "column": 14 }
      },
      "103": {
        "start": { "line": 104, "column": 0 },
        "end": { "line": 104, "column": 39 }
      },
      "104": {
        "start": { "line": 105, "column": 0 },
        "end": { "line": 105, "column": 51 }
      },
      "105": {
        "start": { "line": 106, "column": 0 },
        "end": { "line": 106, "column": 15 }
      },
      "107": {
        "start": { "line": 108, "column": 0 },
        "end": { "line": 108, "column": 14 }
      },
      "108": {
        "start": { "line": 109, "column": 0 },
        "end": { "line": 109, "column": 16 }
      },
      "110": {
        "start": { "line": 111, "column": 0 },
        "end": { "line": 111, "column": 3 }
      },
      "112": {
        "start": { "line": 113, "column": 0 },
        "end": { "line": 113, "column": 12 }
      },
      "113": {
        "start": { "line": 114, "column": 0 },
        "end": { "line": 114, "column": 30 }
      },
      "114": {
        "start": { "line": 115, "column": 0 },
        "end": { "line": 115, "column": 32 }
      },
      "115": {
        "start": { "line": 116, "column": 0 },
        "end": { "line": 116, "column": 35 }
      },
      "116": {
        "start": { "line": 117, "column": 0 },
        "end": { "line": 117, "column": 7 }
      },
      "118": {
        "start": { "line": 119, "column": 0 },
        "end": { "line": 119, "column": 63 }
      },
      "120": {
        "start": { "line": 121, "column": 0 },
        "end": { "line": 121, "column": 14 }
      },
      "121": {
        "start": { "line": 122, "column": 0 },
        "end": { "line": 122, "column": 75 }
      },
      "122": {
        "start": { "line": 123, "column": 0 },
        "end": { "line": 123, "column": 43 }
      },
      "123": {
        "start": { "line": 124, "column": 0 },
        "end": { "line": 124, "column": 40 }
      },
      "124": {
        "start": { "line": 125, "column": 0 },
        "end": { "line": 125, "column": 18 }
      },
      "125": {
        "start": { "line": 126, "column": 0 },
        "end": { "line": 126, "column": 26 }
      },
      "126": {
        "start": { "line": 127, "column": 0 },
        "end": { "line": 127, "column": 27 }
      },
      "127": {
        "start": { "line": 128, "column": 0 },
        "end": { "line": 128, "column": 35 }
      },
      "128": {
        "start": { "line": 129, "column": 0 },
        "end": { "line": 129, "column": 27 }
      },
      "129": {
        "start": { "line": 130, "column": 0 },
        "end": { "line": 130, "column": 37 }
      },
      "130": {
        "start": { "line": 131, "column": 0 },
        "end": { "line": 131, "column": 31 }
      },
      "131": {
        "start": { "line": 132, "column": 0 },
        "end": { "line": 132, "column": 37 }
      },
      "132": {
        "start": { "line": 133, "column": 0 },
        "end": { "line": 133, "column": 38 }
      },
      "134": {
        "start": { "line": 135, "column": 0 },
        "end": { "line": 135, "column": 49 }
      },
      "135": {
        "start": { "line": 136, "column": 0 },
        "end": { "line": 136, "column": 55 }
      },
      "136": {
        "start": { "line": 137, "column": 0 },
        "end": { "line": 137, "column": 59 }
      },
      "137": {
        "start": { "line": 138, "column": 0 },
        "end": { "line": 138, "column": 20 }
      },
      "138": {
        "start": { "line": 139, "column": 0 },
        "end": { "line": 139, "column": 18 }
      },
      "140": {
        "start": { "line": 141, "column": 0 },
        "end": { "line": 141, "column": 71 }
      },
      "142": {
        "start": { "line": 143, "column": 0 },
        "end": { "line": 143, "column": 41 }
      },
      "145": {
        "start": { "line": 146, "column": 0 },
        "end": { "line": 146, "column": 16 }
      },
      "147": {
        "start": { "line": 148, "column": 0 },
        "end": { "line": 148, "column": 43 }
      },
      "148": {
        "start": { "line": 149, "column": 0 },
        "end": { "line": 149, "column": 40 }
      },
      "149": {
        "start": { "line": 150, "column": 0 },
        "end": { "line": 150, "column": 74 }
      },
      "150": {
        "start": { "line": 151, "column": 0 },
        "end": { "line": 151, "column": 18 }
      },
      "153": {
        "start": { "line": 154, "column": 0 },
        "end": { "line": 154, "column": 43 }
      },
      "154": {
        "start": { "line": 155, "column": 0 },
        "end": { "line": 155, "column": 28 }
      },
      "155": {
        "start": { "line": 156, "column": 0 },
        "end": { "line": 156, "column": 23 }
      },
      "156": {
        "start": { "line": 157, "column": 0 },
        "end": { "line": 157, "column": 45 }
      },
      "157": {
        "start": { "line": 158, "column": 0 },
        "end": { "line": 158, "column": 44 }
      },
      "158": {
        "start": { "line": 159, "column": 0 },
        "end": { "line": 159, "column": 40 }
      },
      "160": {
        "start": { "line": 161, "column": 0 },
        "end": { "line": 161, "column": 40 }
      },
      "161": {
        "start": { "line": 162, "column": 0 },
        "end": { "line": 162, "column": 25 }
      },
      "164": {
        "start": { "line": 165, "column": 0 },
        "end": { "line": 165, "column": 21 }
      },
      "165": {
        "start": { "line": 166, "column": 0 },
        "end": { "line": 166, "column": 45 }
      },
      "166": {
        "start": { "line": 167, "column": 0 },
        "end": { "line": 167, "column": 43 }
      },
      "167": {
        "start": { "line": 168, "column": 0 },
        "end": { "line": 168, "column": 44 }
      },
      "169": {
        "start": { "line": 170, "column": 0 },
        "end": { "line": 170, "column": 40 }
      },
      "170": {
        "start": { "line": 171, "column": 0 },
        "end": { "line": 171, "column": 23 }
      },
      "172": {
        "start": { "line": 173, "column": 0 },
        "end": { "line": 173, "column": 21 }
      },
      "173": {
        "start": { "line": 174, "column": 0 },
        "end": { "line": 174, "column": 43 }
      },
      "174": {
        "start": { "line": 175, "column": 0 },
        "end": { "line": 175, "column": 48 }
      },
      "175": {
        "start": { "line": 176, "column": 0 },
        "end": { "line": 176, "column": 46 }
      },
      "177": {
        "start": { "line": 178, "column": 0 },
        "end": { "line": 178, "column": 41 }
      },
      "178": {
        "start": { "line": 179, "column": 0 },
        "end": { "line": 179, "column": 23 }
      },
      "179": {
        "start": { "line": 180, "column": 0 },
        "end": { "line": 180, "column": 18 }
      },
      "181": {
        "start": { "line": 182, "column": 0 },
        "end": { "line": 182, "column": 39 }
      },
      "182": {
        "start": { "line": 183, "column": 0 },
        "end": { "line": 183, "column": 16 }
      },
      "183": {
        "start": { "line": 184, "column": 0 },
        "end": { "line": 184, "column": 14 }
      },
      "185": {
        "start": { "line": 186, "column": 0 },
        "end": { "line": 186, "column": 5 }
      },
      "187": {
        "start": { "line": 188, "column": 0 },
        "end": { "line": 188, "column": 31 }
      },
      "188": {
        "start": { "line": 189, "column": 0 },
        "end": { "line": 189, "column": 3 }
      },
      "189": {
        "start": { "line": 190, "column": 0 },
        "end": { "line": 190, "column": 1 }
      }
    },
    "s": {
      "0": 1,
      "15": 1,
      "16": 30,
      "18": 30,
      "19": 32,
      "20": 32,
      "21": 32,
      "22": 32,
      "23": 32,
      "24": 32,
      "25": 32,
      "26": 32,
      "28": 30,
      "29": 26,
      "30": 26,
      "31": 26,
      "32": 26,
      "33": 26,
      "35": 30,
      "36": 13,
      "37": 13,
      "38": 13,
      "39": 13,
      "40": 13,
      "42": 13,
      "43": 13,
      "44": 13,
      "46": 13,
      "47": 1,
      "48": 1,
      "49": 13,
      "51": 30,
      "52": 1,
      "53": 1,
      "54": 2,
      "55": 2,
      "56": 2,
      "57": 2,
      "58": 1,
      "59": 1,
      "60": 1,
      "62": 30,
      "63": 1,
      "64": 1,
      "66": 30,
      "67": 1,
      "68": 1,
      "69": 1,
      "70": 1,
      "71": 1,
      "72": 1,
      "73": 1,
      "74": 1,
      "75": 1,
      "77": 1,
      "78": 1,
      "79": 1,
      "80": 1,
      "81": 1,
      "82": 1,
      "84": 30,
      "85": 36,
      "87": 36,
      "88": 36,
      "89": 36,
      "91": 0,
      "92": 0,
      "93": 0,
      "94": 0,
      "95": 0,
      "96": 36,
      "98": 36,
      "99": 36,
      "101": 36,
      "102": 0,
      "103": 0,
      "104": 0,
      "105": 0,
      "107": 36,
      "108": 36,
      "110": 36,
      "112": 30,
      "113": 71,
      "114": 39,
      "115": 3,
      "116": 3,
      "118": 36,
      "120": 36,
      "121": 36,
      "122": 36,
      "123": 36,
      "124": 36,
      "125": 36,
      "126": 36,
      "127": 36,
      "128": 36,
      "129": 36,
      "130": 36,
      "131": 36,
      "132": 36,
      "134": 36,
      "135": 36,
      "136": 36,
      "137": 36,
      "138": 36,
      "140": 36,
      "142": 36,
      "145": 36,
      "147": 36,
      "148": 3,
      "149": 3,
      "150": 3,
      "153": 39,
      "154": 39,
      "155": 36,
      "156": 36,
      "157": 36,
      "158": 36,
      "160": 36,
      "161": 36,
      "164": 39,
      "165": 39,
      "166": 39,
      "167": 39,
      "169": 39,
      "170": 39,
      "172": 39,
      "173": 39,
      "174": 39,
      "175": 39,
      "177": 39,
      "178": 39,
      "179": 39,
      "181": 39,
      "182": 39,
      "183": 39,
      "185": 39,
      "187": 32,
      "188": 71,
      "189": 30
    },
    "branchMap": {
      "0": {
        "type": "branch",
        "line": 16,
        "loc": {
          "start": { "line": 16, "column": 67 },
          "end": { "line": 190, "column": 1 }
        },
        "locations": [
          {
            "start": { "line": 16, "column": 67 },
            "end": { "line": 190, "column": 1 }
          }
        ]
      },
      "1": {
        "type": "branch",
        "line": 19,
        "loc": {
          "start": { "line": 19, "column": 2 },
          "end": { "line": 27, "column": 3 }
        },
        "locations": [
          {
            "start": { "line": 19, "column": 2 },
            "end": { "line": 27, "column": 3 }
          }
        ]
      },
      "2": {
        "type": "branch",
        "line": 29,
        "loc": {
          "start": { "line": 29, "column": 9 },
          "end": { "line": 34, "column": 3 }
        },
        "locations": [
          {
            "start": { "line": 29, "column": 9 },
            "end": { "line": 34, "column": 3 }
          }
        ]
      },
      "3": {
        "type": "branch",
        "line": 36,
        "loc": {
          "start": { "line": 36, "column": 2 },
          "end": { "line": 50, "column": 3 }
        },
        "locations": [
          {
            "start": { "line": 36, "column": 2 },
            "end": { "line": 50, "column": 3 }
          }
        ]
      },
      "4": {
        "type": "branch",
        "line": 47,
        "loc": {
          "start": { "line": 47, "column": 28 },
          "end": { "line": 49, "column": 5 }
        },
        "locations": [
          {
            "start": { "line": 47, "column": 28 },
            "end": { "line": 49, "column": 5 }
          }
        ]
      },
      "5": {
        "type": "branch",
        "line": 52,
        "loc": {
          "start": { "line": 52, "column": 16 },
          "end": { "line": 61, "column": 4 }
        },
        "locations": [
          {
            "start": { "line": 52, "column": 16 },
            "end": { "line": 61, "column": 4 }
          }
        ]
      },
      "6": {
        "type": "branch",
        "line": 54,
        "loc": {
          "start": { "line": 54, "column": 20 },
          "end": { "line": 59, "column": 8 }
        },
        "locations": [
          {
            "start": { "line": 54, "column": 20 },
            "end": { "line": 59, "column": 8 }
          }
        ]
      },
      "7": {
        "type": "branch",
        "line": 63,
        "loc": {
          "start": { "line": 63, "column": 17 },
          "end": { "line": 65, "column": 4 }
        },
        "locations": [
          {
            "start": { "line": 63, "column": 17 },
            "end": { "line": 65, "column": 4 }
          }
        ]
      },
      "8": {
        "type": "branch",
        "line": 67,
        "loc": {
          "start": { "line": 67, "column": 22 },
          "end": { "line": 83, "column": 4 }
        },
        "locations": [
          {
            "start": { "line": 67, "column": 22 },
            "end": { "line": 83, "column": 4 }
          }
        ]
      },
      "9": {
        "type": "branch",
        "line": 85,
        "loc": {
          "start": { "line": 85, "column": 2 },
          "end": { "line": 111, "column": 3 }
        },
        "locations": [
          {
            "start": { "line": 85, "column": 2 },
            "end": { "line": 111, "column": 3 }
          }
        ]
      },
      "10": {
        "type": "branch",
        "line": 90,
        "loc": {
          "start": { "line": 90, "column": 4 },
          "end": { "line": 97, "column": 31 }
        },
        "locations": [
          {
            "start": { "line": 90, "column": 4 },
            "end": { "line": 97, "column": 31 }
          }
        ]
      },
      "11": {
        "type": "branch",
        "line": 100,
        "loc": {
          "start": { "line": 100, "column": 16 },
          "end": { "line": 100, "column": 29 }
        },
        "locations": [
          {
            "start": { "line": 100, "column": 16 },
            "end": { "line": 100, "column": 29 }
          }
        ]
      },
      "12": {
        "type": "branch",
        "line": 102,
        "loc": {
          "start": { "line": 102, "column": 11 },
          "end": { "line": 106, "column": 15 }
        },
        "locations": [
          {
            "start": { "line": 102, "column": 11 },
            "end": { "line": 106, "column": 15 }
          }
        ]
      },
      "13": {
        "type": "branch",
        "line": 113,
        "loc": {
          "start": { "line": 113, "column": 2 },
          "end": { "line": 189, "column": 3 }
        },
        "locations": [
          {
            "start": { "line": 113, "column": 2 },
            "end": { "line": 189, "column": 3 }
          }
        ]
      },
      "14": {
        "type": "branch",
        "line": 114,
        "loc": {
          "start": { "line": 114, "column": 29 },
          "end": { "line": 186, "column": 5 }
        },
        "locations": [
          {
            "start": { "line": 114, "column": 29 },
            "end": { "line": 186, "column": 5 }
          }
        ]
      },
      "15": {
        "type": "branch",
        "line": 115,
        "loc": {
          "start": { "line": 115, "column": 31 },
          "end": { "line": 117, "column": 7 }
        },
        "locations": [
          {
            "start": { "line": 115, "column": 31 },
            "end": { "line": 117, "column": 7 }
          }
        ]
      },
      "16": {
        "type": "branch",
        "line": 117,
        "loc": {
          "start": { "line": 117, "column": 6 },
          "end": { "line": 148, "column": 43 }
        },
        "locations": [
          {
            "start": { "line": 117, "column": 6 },
            "end": { "line": 148, "column": 43 }
          }
        ]
      },
      "17": {
        "type": "branch",
        "line": 148,
        "loc": {
          "start": { "line": 148, "column": 37 },
          "end": { "line": 151, "column": 18 }
        },
        "locations": [
          {
            "start": { "line": 148, "column": 37 },
            "end": { "line": 151, "column": 18 }
          }
        ]
      },
      "18": {
        "type": "branch",
        "line": 155,
        "loc": {
          "start": { "line": 155, "column": 15 },
          "end": { "line": 162, "column": 25 }
        },
        "locations": [
          {
            "start": { "line": 155, "column": 15 },
            "end": { "line": 162, "column": 25 }
          }
        ]
      },
      "19": {
        "type": "branch",
        "line": 186,
        "loc": {
          "start": { "line": 186, "column": 4 },
          "end": { "line": 188, "column": 31 }
        },
        "locations": [
          {
            "start": { "line": 186, "column": 4 },
            "end": { "line": 188, "column": 31 }
          }
        ]
      }
    },
    "b": {
      "0": [30],
      "1": [32],
      "2": [26],
      "3": [13],
      "4": [1],
      "5": [1],
      "6": [2],
      "7": [1],
      "8": [1],
      "9": [36],
      "10": [0],
      "11": [0],
      "12": [0],
      "13": [71],
      "14": [39],
      "15": [3],
      "16": [36],
      "17": [3],
      "18": [36],
      "19": [32]
    },
    "fnMap": {
      "0": {
        "name": "<instance_members_initializer>",
        "decl": {
          "start": { "line": 16, "column": 67 },
          "end": { "line": 190, "column": 1 }
        },
        "loc": {
          "start": { "line": 16, "column": 67 },
          "end": { "line": 190, "column": 1 }
        },
        "line": 16
      },
      "1": {
        "name": "ErrorBoundary",
        "decl": {
          "start": { "line": 19, "column": 2 },
          "end": { "line": 27, "column": 3 }
        },
        "loc": {
          "start": { "line": 19, "column": 2 },
          "end": { "line": 27, "column": 3 }
        },
        "line": 19
      },
      "2": {
        "name": "getDerivedStateFromError",
        "decl": {
          "start": { "line": 29, "column": 9 },
          "end": { "line": 34, "column": 3 }
        },
        "loc": {
          "start": { "line": 29, "column": 9 },
          "end": { "line": 34, "column": 3 }
        },
        "line": 29
      },
      "3": {
        "name": "componentDidCatch",
        "decl": {
          "start": { "line": 36, "column": 2 },
          "end": { "line": 50, "column": 3 }
        },
        "loc": {
          "start": { "line": 36, "column": 2 },
          "end": { "line": 50, "column": 3 }
        },
        "line": 36
      },
      "4": {
        "name": "handleRetry",
        "decl": {
          "start": { "line": 52, "column": 16 },
          "end": { "line": 61, "column": 4 }
        },
        "loc": {
          "start": { "line": 52, "column": 16 },
          "end": { "line": 61, "column": 4 }
        },
        "line": 52
      },
      "5": {
        "name": "handleReload",
        "decl": {
          "start": { "line": 63, "column": 17 },
          "end": { "line": 65, "column": 4 }
        },
        "loc": {
          "start": { "line": 63, "column": 17 },
          "end": { "line": 65, "column": 4 }
        },
        "line": 63
      },
      "6": {
        "name": "handleReportIssue",
        "decl": {
          "start": { "line": 67, "column": 22 },
          "end": { "line": 83, "column": 4 }
        },
        "loc": {
          "start": { "line": 67, "column": 22 },
          "end": { "line": 83, "column": 4 }
        },
        "line": 67
      },
      "7": {
        "name": "renderErrorDetails",
        "decl": {
          "start": { "line": 85, "column": 2 },
          "end": { "line": 111, "column": 3 }
        },
        "loc": {
          "start": { "line": 85, "column": 2 },
          "end": { "line": 111, "column": 3 }
        },
        "line": 85
      },
      "8": {
        "name": "render",
        "decl": {
          "start": { "line": 113, "column": 2 },
          "end": { "line": 189, "column": 3 }
        },
        "loc": {
          "start": { "line": 113, "column": 2 },
          "end": { "line": 189, "column": 3 }
        },
        "line": 113
      }
    },
    "f": {
      "0": 30,
      "1": 32,
      "2": 26,
      "3": 13,
      "4": 1,
      "5": 1,
      "6": 1,
      "7": 36,
      "8": 71
    }
  },
  "/Users/ales/Desktop/Courses/React/class-component/src/main.tsx": {
    "path": "/Users/ales/Desktop/Courses/React/class-component/src/main.tsx",
    "all": false,
    "statementMap": {
      "0": {
        "start": { "line": 1, "column": 0 },
        "end": { "line": 1, "column": 35 }
      },
      "1": {
        "start": { "line": 2, "column": 0 },
        "end": { "line": 2, "column": 46 }
      },
      "2": {
        "start": { "line": 3, "column": 0 },
        "end": { "line": 3, "column": 66 }
      },
      "3": {
        "start": { "line": 4, "column": 0 },
        "end": { "line": 4, "column": 28 }
      },
      "5": {
        "start": { "line": 6, "column": 0 },
        "end": { "line": 6, "column": 52 }
      },
      "6": {
        "start": { "line": 7, "column": 0 },
        "end": { "line": 7, "column": 19 }
      },
      "7": {
        "start": { "line": 8, "column": 0 },
        "end": { "line": 8, "column": 44 }
      },
      "8": {
        "start": { "line": 9, "column": 0 },
        "end": { "line": 9, "column": 1 }
      },
      "10": {
        "start": { "line": 11, "column": 0 },
        "end": { "line": 11, "column": 31 }
      },
      "11": {
        "start": { "line": 12, "column": 0 },
        "end": { "line": 12, "column": 14 }
      },
      "12": {
        "start": { "line": 13, "column": 0 },
        "end": { "line": 13, "column": 31 }
      },
      "13": {
        "start": { "line": 14, "column": 0 },
        "end": { "line": 14, "column": 15 }
      },
      "14": {
        "start": { "line": 15, "column": 0 },
        "end": { "line": 15, "column": 2 }
      }
    },
    "s": {
      "0": 1,
      "1": 1,
      "2": 1,
      "3": 1,
      "5": 1,
      "6": 1,
      "7": 1,
      "8": 1,
      "10": 1,
      "11": 1,
      "12": 1,
      "13": 1,
      "14": 1
    },
    "branchMap": {
      "0": {
        "type": "branch",
        "line": 7,
        "loc": {
          "start": { "line": 7, "column": 18 },
          "end": { "line": 9, "column": 1 }
        },
        "locations": [
          {
            "start": { "line": 7, "column": 18 },
            "end": { "line": 9, "column": 1 }
          }
        ]
      }
    },
    "b": { "0": [1] },
    "fnMap": {},
    "f": {}
  },
  "/Users/ales/Desktop/Courses/React/class-component/src/api/rickMortyAPI.ts": {
    "path": "/Users/ales/Desktop/Courses/React/class-component/src/api/rickMortyAPI.ts",
    "all": false,
    "statementMap": {
      "0": {
        "start": { "line": 1, "column": 0 },
        "end": { "line": 1, "column": 50 }
      },
      "39": {
        "start": { "line": 40, "column": 0 },
        "end": { "line": 40, "column": 38 }
      },
      "40": {
        "start": { "line": 41, "column": 0 },
        "end": { "line": 41, "column": 26 }
      },
      "41": {
        "start": { "line": 42, "column": 0 },
        "end": { "line": 42, "column": 24 }
      },
      "42": {
        "start": { "line": 43, "column": 0 },
        "end": { "line": 43, "column": 31 }
      },
      "43": {
        "start": { "line": 44, "column": 0 },
        "end": { "line": 44, "column": 35 }
      },
      "44": {
        "start": { "line": 45, "column": 0 },
        "end": { "line": 45, "column": 39 }
      },
      "46": {
        "start": { "line": 47, "column": 0 },
        "end": { "line": 47, "column": 40 }
      },
      "47": {
        "start": { "line": 48, "column": 0 },
        "end": { "line": 48, "column": 45 }
      },
      "48": {
        "start": { "line": 49, "column": 0 },
        "end": { "line": 49, "column": 3 }
      },
      "50": {
        "start": { "line": 51, "column": 0 },
        "end": { "line": 51, "column": 23 }
      },
      "51": {
        "start": { "line": 52, "column": 0 },
        "end": { "line": 52, "column": 49 }
      },
      "52": {
        "start": { "line": 53, "column": 0 },
        "end": { "line": 53, "column": 3 }
      },
      "54": {
        "start": { "line": 55, "column": 0 },
        "end": { "line": 55, "column": 26 }
      },
      "55": {
        "start": { "line": 56, "column": 0 },
        "end": { "line": 56, "column": 35 }
      },
      "56": {
        "start": { "line": 57, "column": 0 },
        "end": { "line": 57, "column": 3 }
      },
      "58": {
        "start": { "line": 59, "column": 0 },
        "end": { "line": 59, "column": 43 }
      },
      "59": {
        "start": { "line": 60, "column": 0 },
        "end": { "line": 60, "column": 64 }
      },
      "61": {
        "start": { "line": 62, "column": 0 },
        "end": { "line": 62, "column": 7 }
      },
      "62": {
        "start": { "line": 63, "column": 0 },
        "end": { "line": 63, "column": 39 }
      },
      "63": {
        "start": { "line": 64, "column": 0 },
        "end": { "line": 64, "column": 20 }
      },
      "64": {
        "start": { "line": 65, "column": 0 },
        "end": { "line": 65, "column": 32 }
      },
      "65": {
        "start": { "line": 66, "column": 0 },
        "end": { "line": 66, "column": 7 }
      },
      "67": {
        "start": { "line": 68, "column": 0 },
        "end": { "line": 68, "column": 28 }
      },
      "69": {
        "start": { "line": 70, "column": 0 },
        "end": { "line": 70, "column": 23 }
      },
      "70": {
        "start": { "line": 71, "column": 0 },
        "end": { "line": 71, "column": 44 }
      },
      "71": {
        "start": { "line": 72, "column": 0 },
        "end": { "line": 72, "column": 5 }
      },
      "73": {
        "start": { "line": 74, "column": 0 },
        "end": { "line": 74, "column": 34 }
      },
      "74": {
        "start": { "line": 75, "column": 0 },
        "end": { "line": 75, "column": 43 }
      },
      "75": {
        "start": { "line": 76, "column": 0 },
        "end": { "line": 76, "column": 5 }
      },
      "77": {
        "start": { "line": 78, "column": 0 },
        "end": { "line": 78, "column": 58 }
      },
      "78": {
        "start": { "line": 79, "column": 0 },
        "end": { "line": 79, "column": 16 }
      },
      "79": {
        "start": { "line": 80, "column": 0 },
        "end": { "line": 80, "column": 19 }
      },
      "80": {
        "start": { "line": 81, "column": 0 },
        "end": { "line": 81, "column": 28 }
      },
      "81": {
        "start": { "line": 82, "column": 0 },
        "end": { "line": 82, "column": 64 }
      },
      "82": {
        "start": { "line": 83, "column": 0 },
        "end": { "line": 83, "column": 60 }
      },
      "83": {
        "start": { "line": 84, "column": 0 },
        "end": { "line": 84, "column": 5 }
      },
      "84": {
        "start": { "line": 85, "column": 0 },
        "end": { "line": 85, "column": 16 }
      },
      "85": {
        "start": { "line": 86, "column": 0 },
        "end": { "line": 86, "column": 3 }
      },
      "86": {
        "start": { "line": 87, "column": 0 },
        "end": { "line": 87, "column": 1 }
      },
      "88": {
        "start": { "line": 89, "column": 0 },
        "end": { "line": 89, "column": 44 }
      },
      "89": {
        "start": { "line": 90, "column": 0 },
        "end": { "line": 90, "column": 21 }
      },
      "90": {
        "start": { "line": 91, "column": 0 },
        "end": { "line": 91, "column": 23 }
      },
      "91": {
        "start": { "line": 92, "column": 0 },
        "end": { "line": 92, "column": 52 }
      },
      "93": {
        "start": { "line": 94, "column": 0 },
        "end": { "line": 94, "column": 43 }
      },
      "94": {
        "start": { "line": 95, "column": 0 },
        "end": { "line": 95, "column": 64 }
      },
      "96": {
        "start": { "line": 97, "column": 0 },
        "end": { "line": 97, "column": 7 }
      },
      "97": {
        "start": { "line": 98, "column": 0 },
        "end": { "line": 98, "column": 39 }
      },
      "98": {
        "start": { "line": 99, "column": 0 },
        "end": { "line": 99, "column": 20 }
      },
      "99": {
        "start": { "line": 100, "column": 0 },
        "end": { "line": 100, "column": 32 }
      },
      "100": {
        "start": { "line": 101, "column": 0 },
        "end": { "line": 101, "column": 7 }
      },
      "102": {
        "start": { "line": 103, "column": 0 },
        "end": { "line": 103, "column": 28 }
      },
      "104": {
        "start": { "line": 105, "column": 0 },
        "end": { "line": 105, "column": 23 }
      },
      "105": {
        "start": { "line": 106, "column": 0 },
        "end": { "line": 106, "column": 59 }
      },
      "106": {
        "start": { "line": 107, "column": 0 },
        "end": { "line": 107, "column": 5 }
      },
      "108": {
        "start": { "line": 109, "column": 0 },
        "end": { "line": 109, "column": 55 }
      },
      "109": {
        "start": { "line": 110, "column": 0 },
        "end": { "line": 110, "column": 21 }
      },
      "110": {
        "start": { "line": 111, "column": 0 },
        "end": { "line": 111, "column": 19 }
      },
      "111": {
        "start": { "line": 112, "column": 0 },
        "end": { "line": 112, "column": 28 }
      },
      "112": {
        "start": { "line": 113, "column": 0 },
        "end": { "line": 113, "column": 64 }
      },
      "113": {
        "start": { "line": 114, "column": 0 },
        "end": { "line": 114, "column": 60 }
      },
      "114": {
        "start": { "line": 115, "column": 0 },
        "end": { "line": 115, "column": 5 }
      },
      "115": {
        "start": { "line": 116, "column": 0 },
        "end": { "line": 116, "column": 16 }
      },
      "116": {
        "start": { "line": 117, "column": 0 },
        "end": { "line": 117, "column": 3 }
      },
      "117": {
        "start": { "line": 118, "column": 0 },
        "end": { "line": 118, "column": 1 }
      }
    },
    "s": {
      "0": 1,
      "39": 32,
      "40": 32,
      "41": 32,
      "42": 32,
      "43": 32,
      "44": 32,
      "46": 32,
      "47": 13,
      "48": 13,
      "50": 32,
      "51": 4,
      "52": 4,
      "54": 32,
      "55": 15,
      "56": 15,
      "58": 32,
      "59": 32,
      "61": 32,
      "62": 32,
      "63": 32,
      "64": 32,
      "65": 32,
      "67": 31,
      "69": 32,
      "70": 9,
      "71": 9,
      "73": 32,
      "74": 0,
      "75": 0,
      "77": 22,
      "78": 21,
      "79": 32,
      "80": 11,
      "81": 11,
      "82": 0,
      "83": 0,
      "84": 11,
      "85": 11,
      "86": 32,
      "88": 0,
      "89": 0,
      "90": 0,
      "91": 0,
      "93": 0,
      "94": 0,
      "96": 0,
      "97": 0,
      "98": 0,
      "99": 0,
      "100": 0,
      "102": 0,
      "104": 0,
      "105": 0,
      "106": 0,
      "108": 0,
      "109": 0,
      "110": 0,
      "111": 0,
      "112": 0,
      "113": 0,
      "114": 0,
      "115": 0,
      "116": 0,
      "117": 0
    },
    "branchMap": {
      "0": {
        "type": "branch",
        "line": 40,
        "loc": {
          "start": { "line": 40, "column": 0 },
          "end": { "line": 87, "column": 1 }
        },
        "locations": [
          {
            "start": { "line": 40, "column": 0 },
            "end": { "line": 87, "column": 1 }
          }
        ]
      },
      "1": {
        "type": "branch",
        "line": 47,
        "loc": {
          "start": { "line": 47, "column": 6 },
          "end": { "line": 47, "column": 39 }
        },
        "locations": [
          {
            "start": { "line": 47, "column": 6 },
            "end": { "line": 47, "column": 39 }
          }
        ]
      },
      "2": {
        "type": "branch",
        "line": 47,
        "loc": {
          "start": { "line": 47, "column": 39 },
          "end": { "line": 49, "column": 3 }
        },
        "locations": [
          {
            "start": { "line": 47, "column": 39 },
            "end": { "line": 49, "column": 3 }
          }
        ]
      },
      "3": {
        "type": "branch",
        "line": 51,
        "loc": {
          "start": { "line": 51, "column": 22 },
          "end": { "line": 53, "column": 3 }
        },
        "locations": [
          {
            "start": { "line": 51, "column": 22 },
            "end": { "line": 53, "column": 3 }
          }
        ]
      },
      "4": {
        "type": "branch",
        "line": 55,
        "loc": {
          "start": { "line": 55, "column": 25 },
          "end": { "line": 57, "column": 3 }
        },
        "locations": [
          {
            "start": { "line": 55, "column": 25 },
            "end": { "line": 57, "column": 3 }
          }
        ]
      },
      "5": {
        "type": "branch",
        "line": 66,
        "loc": {
          "start": { "line": 66, "column": 5 },
          "end": { "line": 70, "column": 22 }
        },
        "locations": [
          {
            "start": { "line": 66, "column": 5 },
            "end": { "line": 70, "column": 22 }
          }
        ]
      },
      "6": {
        "type": "branch",
        "line": 70,
        "loc": {
          "start": { "line": 70, "column": 22 },
          "end": { "line": 72, "column": 5 }
        },
        "locations": [
          {
            "start": { "line": 70, "column": 22 },
            "end": { "line": 72, "column": 5 }
          }
        ]
      },
      "7": {
        "type": "branch",
        "line": 72,
        "loc": {
          "start": { "line": 72, "column": 4 },
          "end": { "line": 74, "column": 33 }
        },
        "locations": [
          {
            "start": { "line": 72, "column": 4 },
            "end": { "line": 74, "column": 33 }
          }
        ]
      },
      "8": {
        "type": "branch",
        "line": 74,
        "loc": {
          "start": { "line": 74, "column": 33 },
          "end": { "line": 76, "column": 5 }
        },
        "locations": [
          {
            "start": { "line": 74, "column": 33 },
            "end": { "line": 76, "column": 5 }
          }
        ]
      },
      "9": {
        "type": "branch",
        "line": 76,
        "loc": {
          "start": { "line": 76, "column": 4 },
          "end": { "line": 78, "column": 58 }
        },
        "locations": [
          {
            "start": { "line": 76, "column": 4 },
            "end": { "line": 78, "column": 58 }
          }
        ]
      },
      "10": {
        "type": "branch",
        "line": 78,
        "loc": {
          "start": { "line": 78, "column": 56 },
          "end": { "line": 80, "column": 11 }
        },
        "locations": [
          {
            "start": { "line": 78, "column": 56 },
            "end": { "line": 80, "column": 11 }
          }
        ]
      },
      "11": {
        "type": "branch",
        "line": 80,
        "loc": {
          "start": { "line": 80, "column": 2 },
          "end": { "line": 86, "column": 3 }
        },
        "locations": [
          {
            "start": { "line": 80, "column": 2 },
            "end": { "line": 86, "column": 3 }
          }
        ]
      },
      "12": {
        "type": "branch",
        "line": 82,
        "loc": {
          "start": { "line": 82, "column": 63 },
          "end": { "line": 84, "column": 5 }
        },
        "locations": [
          {
            "start": { "line": 82, "column": 63 },
            "end": { "line": 84, "column": 5 }
          }
        ]
      }
    },
    "b": {
      "0": [32],
      "1": [14],
      "2": [13],
      "3": [4],
      "4": [15],
      "5": [31],
      "6": [9],
      "7": [22],
      "8": [0],
      "9": [22],
      "10": [21],
      "11": [11],
      "12": [0]
    },
    "fnMap": {
      "0": {
        "name": "fetchCharacters",
        "decl": {
          "start": { "line": 40, "column": 0 },
          "end": { "line": 87, "column": 1 }
        },
        "loc": {
          "start": { "line": 40, "column": 0 },
          "end": { "line": 87, "column": 1 }
        },
        "line": 40
      },
      "1": {
        "name": "fetchCharacterDetails",
        "decl": {
          "start": { "line": 89, "column": 0 },
          "end": { "line": 118, "column": 1 }
        },
        "loc": {
          "start": { "line": 89, "column": 0 },
          "end": { "line": 118, "column": 1 }
        },
        "line": 89
      }
    },
    "f": { "0": 32, "1": 0 }
  },
  "/Users/ales/Desktop/Courses/React/class-component/src/components/Card.tsx": {
    "path": "/Users/ales/Desktop/Courses/React/class-component/src/components/Card.tsx",
    "all": false,
    "statementMap": {
      "0": {
        "start": { "line": 1, "column": 0 },
        "end": { "line": 1, "column": 26 }
      },
      "1": {
        "start": { "line": 2, "column": 0 },
        "end": { "line": 2, "column": 75 }
      },
      "2": {
        "start": { "line": 3, "column": 0 },
        "end": { "line": 3, "column": 29 }
      },
      "11": {
        "start": { "line": 12, "column": 0 },
        "end": { "line": 12, "column": 74 }
      },
      "12": {
        "start": { "line": 13, "column": 0 },
        "end": { "line": 13, "column": 50 }
      },
      "14": {
        "start": { "line": 15, "column": 0 },
        "end": { "line": 15, "column": 41 }
      },
      "15": {
        "start": { "line": 16, "column": 0 },
        "end": { "line": 16, "column": 63 }
      },
      "16": {
        "start": { "line": 17, "column": 0 },
        "end": { "line": 17, "column": 18 }
      },
      "17": {
        "start": { "line": 18, "column": 0 },
        "end": { "line": 18, "column": 16 }
      },
      "18": {
        "start": { "line": 19, "column": 0 },
        "end": { "line": 19, "column": 5 }
      },
      "19": {
        "start": { "line": 20, "column": 0 },
        "end": { "line": 20, "column": 4 }
      },
      "21": {
        "start": { "line": 22, "column": 0 },
        "end": { "line": 22, "column": 10 }
      },
      "22": {
        "start": { "line": 23, "column": 0 },
        "end": { "line": 23, "column": 8 }
      },
      "23": {
        "start": { "line": 24, "column": 0 },
        "end": { "line": 24, "column": 22 }
      },
      "24": {
        "start": { "line": 25, "column": 0 },
        "end": { "line": 25, "column": 19 }
      },
      "25": {
        "start": { "line": 26, "column": 0 },
        "end": { "line": 26, "column": 18 }
      },
      "26": {
        "start": { "line": 27, "column": 0 },
        "end": { "line": 27, "column": 39 }
      },
      "27": {
        "start": { "line": 28, "column": 0 },
        "end": { "line": 28, "column": 25 }
      },
      "28": {
        "start": { "line": 29, "column": 0 },
        "end": { "line": 29, "column": 49 }
      },
      "29": {
        "start": { "line": 30, "column": 0 },
        "end": { "line": 30, "column": 36 }
      },
      "30": {
        "start": { "line": 31, "column": 0 },
        "end": { "line": 31, "column": 9 }
      },
      "31": {
        "start": { "line": 32, "column": 0 },
        "end": { "line": 32, "column": 8 }
      },
      "33": {
        "start": { "line": 34, "column": 0 },
        "end": { "line": 34, "column": 35 }
      },
      "34": {
        "start": { "line": 35, "column": 0 },
        "end": { "line": 35, "column": 19 }
      },
      "35": {
        "start": { "line": 36, "column": 0 },
        "end": { "line": 36, "column": 38 }
      },
      "36": {
        "start": { "line": 37, "column": 0 },
        "end": { "line": 37, "column": 57 }
      },
      "37": {
        "start": { "line": 38, "column": 0 },
        "end": { "line": 38, "column": 16 }
      },
      "39": {
        "start": { "line": 40, "column": 0 },
        "end": { "line": 40, "column": 38 }
      },
      "40": {
        "start": { "line": 41, "column": 0 },
        "end": { "line": 41, "column": 25 }
      },
      "41": {
        "start": { "line": 42, "column": 0 },
        "end": { "line": 42, "column": 30 }
      },
      "42": {
        "start": { "line": 43, "column": 0 },
        "end": { "line": 43, "column": 14 }
      },
      "43": {
        "start": { "line": 44, "column": 0 },
        "end": { "line": 44, "column": 12 }
      },
      "44": {
        "start": { "line": 45, "column": 0 },
        "end": { "line": 45, "column": 10 }
      },
      "46": {
        "start": { "line": 47, "column": 0 },
        "end": { "line": 47, "column": 2 }
      },
      "48": {
        "start": { "line": 49, "column": 0 },
        "end": { "line": 49, "column": 20 }
      }
    },
    "s": {
      "0": 1,
      "1": 1,
      "2": 1,
      "11": 1,
      "12": 42,
      "14": 42,
      "15": 5,
      "16": 5,
      "17": 4,
      "18": 4,
      "19": 5,
      "21": 42,
      "22": 42,
      "23": 42,
      "24": 42,
      "25": 42,
      "26": 42,
      "27": 42,
      "28": 2,
      "29": 2,
      "30": 2,
      "31": 2,
      "33": 42,
      "34": 42,
      "35": 31,
      "36": 31,
      "37": 31,
      "39": 42,
      "40": 42,
      "41": 42,
      "42": 42,
      "43": 42,
      "44": 42,
      "46": 42,
      "48": 1
    },
    "branchMap": {
      "0": {
        "type": "branch",
        "line": 12,
        "loc": {
          "start": { "line": 12, "column": 30 },
          "end": { "line": 47, "column": 2 }
        },
        "locations": [
          {
            "start": { "line": 12, "column": 30 },
            "end": { "line": 47, "column": 2 }
          }
        ]
      },
      "1": {
        "type": "branch",
        "line": 35,
        "loc": {
          "start": { "line": 35, "column": 9 },
          "end": { "line": 38, "column": 16 }
        },
        "locations": [
          {
            "start": { "line": 35, "column": 9 },
            "end": { "line": 38, "column": 16 }
          }
        ]
      },
      "2": {
        "type": "branch",
        "line": 15,
        "loc": {
          "start": { "line": 15, "column": 34 },
          "end": { "line": 20, "column": 4 }
        },
        "locations": [
          {
            "start": { "line": 15, "column": 34 },
            "end": { "line": 20, "column": 4 }
          }
        ]
      },
      "3": {
        "type": "branch",
        "line": 17,
        "loc": {
          "start": { "line": 17, "column": 17 },
          "end": { "line": 19, "column": 5 }
        },
        "locations": [
          {
            "start": { "line": 17, "column": 17 },
            "end": { "line": 19, "column": 5 }
          }
        ]
      },
      "4": {
        "type": "branch",
        "line": 28,
        "loc": {
          "start": { "line": 28, "column": 17 },
          "end": { "line": 32, "column": 8 }
        },
        "locations": [
          {
            "start": { "line": 28, "column": 17 },
            "end": { "line": 32, "column": 8 }
          }
        ]
      },
      "5": {
        "type": "branch",
        "line": 29,
        "loc": {
          "start": { "line": 29, "column": 22 },
          "end": { "line": 29, "column": 48 }
        },
        "locations": [
          {
            "start": { "line": 29, "column": 22 },
            "end": { "line": 29, "column": 48 }
          }
        ]
      }
    },
    "b": { "0": [42], "1": [31], "2": [5], "3": [4], "4": [2], "5": [1] },
    "fnMap": {
      "0": {
        "name": "Card",
        "decl": {
          "start": { "line": 12, "column": 30 },
          "end": { "line": 47, "column": 2 }
        },
        "loc": {
          "start": { "line": 12, "column": 30 },
          "end": { "line": 47, "column": 2 }
        },
        "line": 12
      },
      "1": {
        "name": "handleSelectedCharacter",
        "decl": {
          "start": { "line": 15, "column": 34 },
          "end": { "line": 20, "column": 4 }
        },
        "loc": {
          "start": { "line": 15, "column": 34 },
          "end": { "line": 20, "column": 4 }
        },
        "line": 15
      },
      "2": {
        "name": "onKeyDown",
        "decl": {
          "start": { "line": 28, "column": 17 },
          "end": { "line": 32, "column": 8 }
        },
        "loc": {
          "start": { "line": 28, "column": 17 },
          "end": { "line": 32, "column": 8 }
        },
        "line": 28
      }
    },
    "f": { "0": 42, "1": 5, "2": 2 }
  },
  "/Users/ales/Desktop/Courses/React/class-component/src/components/CharacterDetails.tsx": {
    "path": "/Users/ales/Desktop/Courses/React/class-component/src/components/CharacterDetails.tsx",
    "all": false,
    "statementMap": {
      "0": {
        "start": { "line": 1, "column": 0 },
        "end": { "line": 1, "column": 26 }
      },
      "1": {
        "start": { "line": 2, "column": 0 },
        "end": { "line": 2, "column": 62 }
      },
      "9": {
        "start": { "line": 10, "column": 0 },
        "end": { "line": 10, "column": 65 }
      },
      "10": {
        "start": { "line": 11, "column": 0 },
        "end": { "line": 11, "column": 68 }
      },
      "11": {
        "start": { "line": 12, "column": 0 },
        "end": { "line": 12, "column": 33 }
      },
      "13": {
        "start": { "line": 14, "column": 0 },
        "end": { "line": 14, "column": 29 }
      },
      "14": {
        "start": { "line": 15, "column": 0 },
        "end": { "line": 15, "column": 25 }
      },
      "15": {
        "start": { "line": 16, "column": 0 },
        "end": { "line": 16, "column": 4 }
      },
      "17": {
        "start": { "line": 18, "column": 0 },
        "end": { "line": 18, "column": 73 }
      },
      "18": {
        "start": { "line": 19, "column": 0 },
        "end": { "line": 19, "column": 28 }
      },
      "19": {
        "start": { "line": 20, "column": 0 },
        "end": { "line": 20, "column": 4 }
      },
      "21": {
        "start": { "line": 22, "column": 0 },
        "end": { "line": 22, "column": 46 }
      },
      "22": {
        "start": { "line": 23, "column": 0 },
        "end": { "line": 23, "column": 35 }
      },
      "23": {
        "start": { "line": 24, "column": 0 },
        "end": { "line": 24, "column": 19 }
      },
      "24": {
        "start": { "line": 25, "column": 0 },
        "end": { "line": 25, "column": 25 }
      },
      "25": {
        "start": { "line": 26, "column": 0 },
        "end": { "line": 26, "column": 18 }
      },
      "26": {
        "start": { "line": 27, "column": 0 },
        "end": { "line": 27, "column": 25 }
      },
      "27": {
        "start": { "line": 28, "column": 0 },
        "end": { "line": 28, "column": 14 }
      },
      "28": {
        "start": { "line": 29, "column": 0 },
        "end": { "line": 29, "column": 25 }
      },
      "29": {
        "start": { "line": 30, "column": 0 },
        "end": { "line": 30, "column": 5 }
      },
      "30": {
        "start": { "line": 31, "column": 0 },
        "end": { "line": 31, "column": 4 }
      },
      "32": {
        "start": { "line": 33, "column": 0 },
        "end": { "line": 33, "column": 46 }
      },
      "33": {
        "start": { "line": 34, "column": 0 },
        "end": { "line": 34, "column": 61 }
      },
      "34": {
        "start": { "line": 35, "column": 0 },
        "end": { "line": 35, "column": 22 }
      },
      "35": {
        "start": { "line": 36, "column": 0 },
        "end": { "line": 36, "column": 20 }
      },
      "36": {
        "start": { "line": 37, "column": 0 },
        "end": { "line": 37, "column": 21 }
      },
      "37": {
        "start": { "line": 38, "column": 0 },
        "end": { "line": 38, "column": 7 }
      },
      "38": {
        "start": { "line": 39, "column": 0 },
        "end": { "line": 39, "column": 4 }
      },
      "40": {
        "start": { "line": 41, "column": 0 },
        "end": { "line": 41, "column": 10 }
      },
      "41": {
        "start": { "line": 42, "column": 0 },
        "end": { "line": 42, "column": 71 }
      },
      "42": {
        "start": { "line": 43, "column": 0 },
        "end": { "line": 43, "column": 74 }
      },
      "43": {
        "start": { "line": 44, "column": 0 },
        "end": { "line": 44, "column": 50 }
      },
      "44": {
        "start": { "line": 45, "column": 0 },
        "end": { "line": 45, "column": 36 }
      },
      "45": {
        "start": { "line": 46, "column": 0 },
        "end": { "line": 46, "column": 17 }
      },
      "46": {
        "start": { "line": 47, "column": 0 },
        "end": { "line": 47, "column": 36 }
      },
      "47": {
        "start": { "line": 48, "column": 0 },
        "end": { "line": 48, "column": 33 }
      },
      "48": {
        "start": { "line": 49, "column": 0 },
        "end": { "line": 49, "column": 44 }
      },
      "49": {
        "start": { "line": 50, "column": 0 },
        "end": { "line": 50, "column": 11 }
      },
      "51": {
        "start": { "line": 52, "column": 0 },
        "end": { "line": 52, "column": 19 }
      },
      "52": {
        "start": { "line": 53, "column": 0 },
        "end": { "line": 53, "column": 14 }
      },
      "54": {
        "start": { "line": 55, "column": 0 },
        "end": { "line": 55, "column": 51 }
      },
      "55": {
        "start": { "line": 56, "column": 0 },
        "end": { "line": 56, "column": 25 }
      },
      "56": {
        "start": { "line": 57, "column": 0 },
        "end": { "line": 57, "column": 44 }
      },
      "57": {
        "start": { "line": 58, "column": 0 },
        "end": { "line": 58, "column": 55 }
      },
      "58": {
        "start": { "line": 59, "column": 0 },
        "end": { "line": 59, "column": 20 }
      },
      "59": {
        "start": { "line": 60, "column": 0 },
        "end": { "line": 60, "column": 39 }
      },
      "60": {
        "start": { "line": 61, "column": 0 },
        "end": { "line": 61, "column": 38 }
      },
      "61": {
        "start": { "line": 62, "column": 0 },
        "end": { "line": 62, "column": 52 }
      },
      "62": {
        "start": { "line": 63, "column": 0 },
        "end": { "line": 63, "column": 18 }
      },
      "63": {
        "start": { "line": 64, "column": 0 },
        "end": { "line": 64, "column": 54 }
      },
      "64": {
        "start": { "line": 65, "column": 0 },
        "end": { "line": 65, "column": 43 }
      },
      "65": {
        "start": { "line": 66, "column": 0 },
        "end": { "line": 66, "column": 52 }
      },
      "66": {
        "start": { "line": 67, "column": 0 },
        "end": { "line": 67, "column": 25 }
      },
      "67": {
        "start": { "line": 68, "column": 0 },
        "end": { "line": 68, "column": 44 }
      },
      "68": {
        "start": { "line": 69, "column": 0 },
        "end": { "line": 69, "column": 30 }
      },
      "69": {
        "start": { "line": 70, "column": 0 },
        "end": { "line": 70, "column": 74 }
      },
      "70": {
        "start": { "line": 71, "column": 0 },
        "end": { "line": 71, "column": 24 }
      },
      "71": {
        "start": { "line": 72, "column": 0 },
        "end": { "line": 72, "column": 28 }
      },
      "72": {
        "start": { "line": 73, "column": 0 },
        "end": { "line": 73, "column": 26 }
      },
      "73": {
        "start": { "line": 74, "column": 0 },
        "end": { "line": 74, "column": 62 }
      },
      "74": {
        "start": { "line": 75, "column": 0 },
        "end": { "line": 75, "column": 27 }
      },
      "75": {
        "start": { "line": 76, "column": 0 },
        "end": { "line": 76, "column": 24 }
      },
      "76": {
        "start": { "line": 77, "column": 0 },
        "end": { "line": 77, "column": 22 }
      },
      "77": {
        "start": { "line": 78, "column": 0 },
        "end": { "line": 78, "column": 20 }
      },
      "79": {
        "start": { "line": 80, "column": 0 },
        "end": { "line": 80, "column": 54 }
      },
      "80": {
        "start": { "line": 81, "column": 0 },
        "end": { "line": 81, "column": 48 }
      },
      "81": {
        "start": { "line": 82, "column": 0 },
        "end": { "line": 82, "column": 47 }
      },
      "82": {
        "start": { "line": 83, "column": 0 },
        "end": { "line": 83, "column": 47 }
      },
      "83": {
        "start": { "line": 84, "column": 0 },
        "end": { "line": 84, "column": 58 }
      },
      "84": {
        "start": { "line": 85, "column": 0 },
        "end": { "line": 85, "column": 69 }
      },
      "85": {
        "start": { "line": 86, "column": 0 },
        "end": { "line": 86, "column": 24 }
      },
      "86": {
        "start": { "line": 87, "column": 0 },
        "end": { "line": 87, "column": 38 }
      },
      "87": {
        "start": { "line": 88, "column": 0 },
        "end": { "line": 88, "column": 49 }
      },
      "88": {
        "start": { "line": 89, "column": 0 },
        "end": { "line": 89, "column": 58 }
      },
      "89": {
        "start": { "line": 90, "column": 0 },
        "end": { "line": 90, "column": 69 }
      },
      "90": {
        "start": { "line": 91, "column": 0 },
        "end": { "line": 91, "column": 26 }
      },
      "92": {
        "start": { "line": 93, "column": 0 },
        "end": { "line": 93, "column": 47 }
      },
      "93": {
        "start": { "line": 94, "column": 0 },
        "end": { "line": 94, "column": 59 }
      },
      "94": {
        "start": { "line": 95, "column": 0 },
        "end": { "line": 95, "column": 44 }
      },
      "95": {
        "start": { "line": 96, "column": 0 },
        "end": { "line": 96, "column": 53 }
      },
      "96": {
        "start": { "line": 97, "column": 0 },
        "end": { "line": 97, "column": 27 }
      },
      "97": {
        "start": { "line": 98, "column": 0 },
        "end": { "line": 98, "column": 24 }
      },
      "98": {
        "start": { "line": 99, "column": 0 },
        "end": { "line": 99, "column": 22 }
      },
      "100": {
        "start": { "line": 101, "column": 0 },
        "end": { "line": 101, "column": 48 }
      },
      "101": {
        "start": { "line": 102, "column": 0 },
        "end": { "line": 102, "column": 47 }
      },
      "102": {
        "start": { "line": 103, "column": 0 },
        "end": { "line": 103, "column": 47 }
      },
      "103": {
        "start": { "line": 104, "column": 0 },
        "end": { "line": 104, "column": 58 }
      },
      "104": {
        "start": { "line": 105, "column": 0 },
        "end": { "line": 105, "column": 74 }
      },
      "105": {
        "start": { "line": 106, "column": 0 },
        "end": { "line": 106, "column": 24 }
      },
      "106": {
        "start": { "line": 107, "column": 0 },
        "end": { "line": 107, "column": 47 }
      },
      "107": {
        "start": { "line": 108, "column": 0 },
        "end": { "line": 108, "column": 71 }
      },
      "108": {
        "start": { "line": 109, "column": 0 },
        "end": { "line": 109, "column": 76 }
      },
      "109": {
        "start": { "line": 110, "column": 0 },
        "end": { "line": 110, "column": 24 }
      },
      "110": {
        "start": { "line": 111, "column": 0 },
        "end": { "line": 111, "column": 22 }
      },
      "112": {
        "start": { "line": 113, "column": 0 },
        "end": { "line": 113, "column": 48 }
      },
      "113": {
        "start": { "line": 114, "column": 0 },
        "end": { "line": 114, "column": 35 }
      },
      "114": {
        "start": { "line": 115, "column": 0 },
        "end": { "line": 115, "column": 49 }
      },
      "115": {
        "start": { "line": 116, "column": 0 },
        "end": { "line": 116, "column": 26 }
      },
      "116": {
        "start": { "line": 117, "column": 0 },
        "end": { "line": 117, "column": 82 }
      },
      "118": {
        "start": { "line": 119, "column": 0 },
        "end": { "line": 119, "column": 27 }
      },
      "119": {
        "start": { "line": 120, "column": 0 },
        "end": { "line": 120, "column": 24 }
      },
      "120": {
        "start": { "line": 121, "column": 0 },
        "end": { "line": 121, "column": 22 }
      },
      "121": {
        "start": { "line": 122, "column": 0 },
        "end": { "line": 122, "column": 20 }
      },
      "122": {
        "start": { "line": 123, "column": 0 },
        "end": { "line": 123, "column": 18 }
      },
      "124": {
        "start": { "line": 125, "column": 0 },
        "end": { "line": 125, "column": 14 }
      },
      "125": {
        "start": { "line": 126, "column": 0 },
        "end": { "line": 126, "column": 12 }
      },
      "126": {
        "start": { "line": 127, "column": 0 },
        "end": { "line": 127, "column": 10 }
      },
      "128": {
        "start": { "line": 129, "column": 0 },
        "end": { "line": 129, "column": 2 }
      },
      "130": {
        "start": { "line": 131, "column": 0 },
        "end": { "line": 131, "column": 32 }
      }
    },
    "s": {
      "0": 1,
      "1": 1,
      "9": 1,
      "10": 16,
      "11": 16,
      "13": 16,
      "14": 1,
      "15": 1,
      "17": 16,
      "18": 1,
      "19": 1,
      "21": 16,
      "22": 16,
      "23": 16,
      "24": 14,
      "25": 16,
      "26": 1,
      "27": 16,
      "28": 1,
      "29": 16,
      "30": 16,
      "32": 16,
      "33": 16,
      "34": 16,
      "35": 16,
      "36": 16,
      "37": 16,
      "38": 16,
      "40": 16,
      "41": 16,
      "42": 16,
      "43": 16,
      "44": 16,
      "45": 16,
      "46": 16,
      "47": 16,
      "48": 16,
      "49": 16,
      "51": 16,
      "52": 16,
      "54": 16,
      "55": 16,
      "56": 16,
      "57": 16,
      "58": 16,
      "59": 16,
      "60": 16,
      "61": 16,
      "62": 16,
      "63": 16,
      "64": 16,
      "65": 16,
      "66": 16,
      "67": 16,
      "68": 16,
      "69": 16,
      "70": 16,
      "71": 16,
      "72": 16,
      "73": 16,
      "74": 16,
      "75": 16,
      "76": 16,
      "77": 16,
      "79": 16,
      "80": 16,
      "81": 16,
      "82": 16,
      "83": 16,
      "84": 16,
      "85": 16,
      "86": 16,
      "87": 1,
      "88": 1,
      "89": 1,
      "90": 1,
      "92": 16,
      "93": 16,
      "94": 16,
      "95": 16,
      "96": 16,
      "97": 16,
      "98": 16,
      "100": 16,
      "101": 16,
      "102": 16,
      "103": 16,
      "104": 16,
      "105": 16,
      "106": 16,
      "107": 16,
      "108": 16,
      "109": 16,
      "110": 16,
      "112": 16,
      "113": 16,
      "114": 16,
      "115": 16,
      "116": 16,
      "118": 16,
      "119": 16,
      "120": 16,
      "121": 16,
      "122": 16,
      "124": 16,
      "125": 16,
      "126": 16,
      "128": 16,
      "130": 1
    },
    "branchMap": {
      "0": {
        "type": "branch",
        "line": 10,
        "loc": {
          "start": { "line": 10, "column": 58 },
          "end": { "line": 129, "column": 2 }
        },
        "locations": [
          {
            "start": { "line": 10, "column": 58 },
            "end": { "line": 129, "column": 2 }
          }
        ]
      },
      "1": {
        "type": "branch",
        "line": 87,
        "loc": {
          "start": { "line": 87, "column": 29 },
          "end": { "line": 91, "column": 26 }
        },
        "locations": [
          {
            "start": { "line": 87, "column": 29 },
            "end": { "line": 91, "column": 26 }
          }
        ]
      },
      "2": {
        "type": "branch",
        "line": 14,
        "loc": {
          "start": { "line": 14, "column": 22 },
          "end": { "line": 16, "column": 4 }
        },
        "locations": [
          {
            "start": { "line": 14, "column": 22 },
            "end": { "line": 16, "column": 4 }
          }
        ]
      },
      "3": {
        "type": "branch",
        "line": 18,
        "loc": {
          "start": { "line": 18, "column": 27 },
          "end": { "line": 20, "column": 4 }
        },
        "locations": [
          {
            "start": { "line": 18, "column": 27 },
            "end": { "line": 20, "column": 4 }
          }
        ]
      },
      "4": {
        "type": "branch",
        "line": 22,
        "loc": {
          "start": { "line": 22, "column": 25 },
          "end": { "line": 31, "column": 4 }
        },
        "locations": [
          {
            "start": { "line": 22, "column": 25 },
            "end": { "line": 31, "column": 4 }
          }
        ]
      },
      "5": {
        "type": "branch",
        "line": 24,
        "loc": {
          "start": { "line": 24, "column": 6 },
          "end": { "line": 25, "column": 25 }
        },
        "locations": [
          {
            "start": { "line": 24, "column": 6 },
            "end": { "line": 25, "column": 25 }
          }
        ]
      },
      "6": {
        "type": "branch",
        "line": 26,
        "loc": {
          "start": { "line": 26, "column": 6 },
          "end": { "line": 27, "column": 25 }
        },
        "locations": [
          {
            "start": { "line": 26, "column": 6 },
            "end": { "line": 27, "column": 25 }
          }
        ]
      },
      "7": {
        "type": "branch",
        "line": 28,
        "loc": {
          "start": { "line": 28, "column": 6 },
          "end": { "line": 29, "column": 25 }
        },
        "locations": [
          {
            "start": { "line": 28, "column": 6 },
            "end": { "line": 29, "column": 25 }
          }
        ]
      },
      "8": {
        "type": "branch",
        "line": 33,
        "loc": {
          "start": { "line": 33, "column": 21 },
          "end": { "line": 39, "column": 4 }
        },
        "locations": [
          {
            "start": { "line": 33, "column": 21 },
            "end": { "line": 39, "column": 4 }
          }
        ]
      }
    },
    "b": {
      "0": [16],
      "1": [1],
      "2": [1],
      "3": [1],
      "4": [16],
      "5": [14],
      "6": [1],
      "7": [1],
      "8": [16]
    },
    "fnMap": {
      "0": {
        "name": "CharacterDetails",
        "decl": {
          "start": { "line": 10, "column": 58 },
          "end": { "line": 129, "column": 2 }
        },
        "loc": {
          "start": { "line": 10, "column": 58 },
          "end": { "line": 129, "column": 2 }
        },
        "line": 10
      },
      "1": {
        "name": "handleClose",
        "decl": {
          "start": { "line": 14, "column": 22 },
          "end": { "line": 16, "column": 4 }
        },
        "loc": {
          "start": { "line": 14, "column": 22 },
          "end": { "line": 16, "column": 4 }
        },
        "line": 14
      },
      "2": {
        "name": "handlePanelClick",
        "decl": {
          "start": { "line": 18, "column": 27 },
          "end": { "line": 20, "column": 4 }
        },
        "loc": {
          "start": { "line": 18, "column": 27 },
          "end": { "line": 20, "column": 4 }
        },
        "line": 18
      },
      "3": {
        "name": "getStatusColor",
        "decl": {
          "start": { "line": 22, "column": 25 },
          "end": { "line": 31, "column": 4 }
        },
        "loc": {
          "start": { "line": 22, "column": 25 },
          "end": { "line": 31, "column": 4 }
        },
        "line": 22
      },
      "4": {
        "name": "formatDate",
        "decl": {
          "start": { "line": 33, "column": 21 },
          "end": { "line": 39, "column": 4 }
        },
        "loc": {
          "start": { "line": 33, "column": 21 },
          "end": { "line": 39, "column": 4 }
        },
        "line": 33
      }
    },
    "f": { "0": 16, "1": 1, "2": 1, "3": 16, "4": 16 }
  },
  "/Users/ales/Desktop/Courses/React/class-component/src/components/Header.tsx": {
    "path": "/Users/ales/Desktop/Courses/React/class-component/src/components/Header.tsx",
    "all": false,
    "statementMap": {
      "0": {
        "start": { "line": 1, "column": 0 },
        "end": { "line": 1, "column": 26 }
      },
      "1": {
        "start": { "line": 2, "column": 0 },
        "end": { "line": 2, "column": 47 }
      },
      "2": {
        "start": { "line": 3, "column": 0 },
        "end": { "line": 3, "column": 30 }
      },
      "4": {
        "start": { "line": 5, "column": 0 },
        "end": { "line": 5, "column": 32 }
      },
      "5": {
        "start": { "line": 6, "column": 0 },
        "end": { "line": 6, "column": 33 }
      },
      "7": {
        "start": { "line": 8, "column": 0 },
        "end": { "line": 8, "column": 28 }
      },
      "8": {
        "start": { "line": 9, "column": 0 },
        "end": { "line": 9, "column": 45 }
      },
      "9": {
        "start": { "line": 10, "column": 0 },
        "end": { "line": 10, "column": 4 }
      },
      "11": {
        "start": { "line": 12, "column": 0 },
        "end": { "line": 12, "column": 34 }
      },
      "12": {
        "start": { "line": 13, "column": 0 },
        "end": { "line": 13, "column": 23 }
      },
      "13": {
        "start": { "line": 14, "column": 0 },
        "end": { "line": 14, "column": 4 }
      },
      "15": {
        "start": { "line": 16, "column": 0 },
        "end": { "line": 16, "column": 10 }
      },
      "16": {
        "start": { "line": 17, "column": 0 },
        "end": { "line": 17, "column": 31 }
      },
      "17": {
        "start": { "line": 18, "column": 0 },
        "end": { "line": 18, "column": 16 }
      },
      "18": {
        "start": { "line": 19, "column": 0 },
        "end": { "line": 19, "column": 39 }
      },
      "19": {
        "start": { "line": 20, "column": 0 },
        "end": { "line": 20, "column": 68 }
      },
      "21": {
        "start": { "line": 22, "column": 0 },
        "end": { "line": 22, "column": 17 }
      },
      "22": {
        "start": { "line": 23, "column": 0 },
        "end": { "line": 23, "column": 62 }
      },
      "24": {
        "start": { "line": 25, "column": 0 },
        "end": { "line": 25, "column": 17 }
      },
      "25": {
        "start": { "line": 26, "column": 0 },
        "end": { "line": 26, "column": 12 }
      },
      "26": {
        "start": { "line": 27, "column": 0 },
        "end": { "line": 27, "column": 13 }
      },
      "28": {
        "start": { "line": 29, "column": 0 },
        "end": { "line": 29, "column": 2 }
      },
      "30": {
        "start": { "line": 31, "column": 0 },
        "end": { "line": 31, "column": 22 }
      }
    },
    "s": {
      "0": 1,
      "1": 1,
      "2": 1,
      "4": 1,
      "5": 15,
      "7": 15,
      "8": 0,
      "9": 0,
      "11": 15,
      "12": 0,
      "13": 0,
      "15": 15,
      "16": 15,
      "17": 15,
      "18": 15,
      "19": 15,
      "21": 15,
      "22": 15,
      "24": 15,
      "25": 15,
      "26": 15,
      "28": 15,
      "30": 1
    },
    "branchMap": {
      "0": {
        "type": "branch",
        "line": 5,
        "loc": {
          "start": { "line": 5, "column": 25 },
          "end": { "line": 29, "column": 2 }
        },
        "locations": [
          {
            "start": { "line": 5, "column": 25 },
            "end": { "line": 29, "column": 2 }
          }
        ]
      }
    },
    "b": { "0": [15] },
    "fnMap": {
      "0": {
        "name": "Header",
        "decl": {
          "start": { "line": 5, "column": 25 },
          "end": { "line": 29, "column": 2 }
        },
        "loc": {
          "start": { "line": 5, "column": 25 },
[...]
          "end": { "line": 31, "column": 2 }
        },
        "loc": {
          "start": { "line": 4, "column": 31 },
          "end": { "line": 31, "column": 2 }
        },
        "line": 4
      },
      "1": {
        "name": "handleReset",
        "decl": {
          "start": { "line": 7, "column": 22 },
          "end": { "line": 9, "column": 4 }
        },
        "loc": {
          "start": { "line": 7, "column": 22 },
          "end": { "line": 9, "column": 4 }
        },
        "line": 7
      }
    },
    "f": { "0": 10, "1": 0 }
  },
  "/Users/ales/Desktop/Courses/React/class-component/src/context/SearchContext.tsx": {
    "path": "/Users/ales/Desktop/Courses/React/class-component/src/context/SearchContext.tsx",
    "all": false,
    "statementMap": {
      "0": {
        "start": { "line": 1, "column": 0 },
        "end": { "line": 1, "column": 38 }
      },
      "16": {
        "start": { "line": 17, "column": 0 },
        "end": { "line": 17, "column": 74 }
      },
      "17": {
        "start": { "line": 18, "column": 0 },
        "end": { "line": 18, "column": 11 }
      },
      "18": {
        "start": { "line": 19, "column": 0 },
        "end": { "line": 19, "column": 2 }
      }
    },
    "s": { "0": 1, "16": 1, "17": 1, "18": 1 },
    "branchMap": {},
    "b": {},
    "fnMap": {},
    "f": {}
  },
  "/Users/ales/Desktop/Courses/React/class-component/src/context/SearchProvider.tsx": {
    "path": "/Users/ales/Desktop/Courses/React/class-component/src/context/SearchProvider.tsx",
    "all": false,
    "statementMap": {
      "0": {
        "start": { "line": 1, "column": 0 },
        "end": { "line": 1, "column": 73 }
      },
      "20": {
        "start": { "line": 21, "column": 0 },
        "end": { "line": 21, "column": 44 }
      },
      "21": {
        "start": { "line": 22, "column": 0 },
        "end": { "line": 22, "column": 7 }
      },
      "22": {
        "start": { "line": 23, "column": 0 },
        "end": { "line": 23, "column": 53 }
      },
      "23": {
        "start": { "line": 24, "column": 0 },
        "end": { "line": 24, "column": 42 }
      },
      "24": {
        "start": { "line": 25, "column": 0 },
        "end": { "line": 25, "column": 11 }
      },
      "25": {
        "start": { "line": 26, "column": 0 },
        "end": { "line": 26, "column": 14 }
      },
      "26": {
        "start": { "line": 27, "column": 0 },
        "end": { "line": 27, "column": 3 }
      },
      "27": {
        "start": { "line": 28, "column": 0 },
        "end": { "line": 28, "column": 2 }
      },
      "29": {
        "start": { "line": 30, "column": 0 },
        "end": { "line": 30, "column": 35 }
      },
      "30": {
        "start": { "line": 31, "column": 0 },
        "end": { "line": 31, "column": 37 }
      },
      "31": {
        "start": { "line": 32, "column": 0 },
        "end": { "line": 32, "column": 17 }
      },
      "32": {
        "start": { "line": 33, "column": 0 },
        "end": { "line": 33, "column": 19 }
      },
      "33": {
        "start": { "line": 34, "column": 0 },
        "end": { "line": 34, "column": 14 }
      },
      "34": {
        "start": { "line": 35, "column": 0 },
        "end": { "line": 35, "column": 22 }
      },
      "35": {
        "start": { "line": 36, "column": 0 },
        "end": { "line": 36, "column": 2 }
      },
      "37": {
        "start": { "line": 38, "column": 0 },
        "end": { "line": 38, "column": 79 }
      },
      "38": {
        "start": { "line": 39, "column": 0 },
        "end": { "line": 39, "column": 24 }
      },
      "39": {
        "start": { "line": 40, "column": 0 },
        "end": { "line": 40, "column": 27 }
      },
      "40": {
        "start": { "line": 41, "column": 0 },
        "end": { "line": 41, "column": 11 }
      },
      "41": {
        "start": { "line": 42, "column": 0 },
        "end": { "line": 42, "column": 75 }
      },
      "42": {
        "start": { "line": 43, "column": 0 },
        "end": { "line": 43, "column": 15 }
      },
      "44": {
        "start": { "line": 45, "column": 0 },
        "end": { "line": 45, "column": 7 }
      },
      "45": {
        "start": { "line": 46, "column": 0 },
        "end": { "line": 46, "column": 14 }
      },
      "46": {
        "start": { "line": 47, "column": 0 },
        "end": { "line": 47, "column": 17 }
      },
      "47": {
        "start": { "line": 48, "column": 0 },
        "end": { "line": 48, "column": 35 }
      },
      "48": {
        "start": { "line": 49, "column": 0 },
        "end": { "line": 49, "column": 67 }
      },
      "49": {
        "start": { "line": 50, "column": 0 },
        "end": { "line": 50, "column": 20 }
      },
      "50": {
        "start": { "line": 51, "column": 0 },
        "end": { "line": 51, "column": 8 }
      },
      "51": {
        "start": { "line": 52, "column": 0 },
        "end": { "line": 52, "column": 28 }
      },
      "52": {
        "start": { "line": 53, "column": 0 },
        "end": { "line": 53, "column": 14 }
      },
      "53": {
        "start": { "line": 54, "column": 0 },
        "end": { "line": 54, "column": 17 }
      },
      "54": {
        "start": { "line": 55, "column": 0 },
        "end": { "line": 55, "column": 36 }
      },
      "55": {
        "start": { "line": 56, "column": 0 },
        "end": { "line": 56, "column": 20 }
      },
      "56": {
        "start": { "line": 57, "column": 0 },
        "end": { "line": 57, "column": 8 }
      },
      "57": {
        "start": { "line": 58, "column": 0 },
        "end": { "line": 58, "column": 23 }
      },
      "58": {
        "start": { "line": 59, "column": 0 },
        "end": { "line": 59, "column": 14 }
      },
      "59": {
        "start": { "line": 60, "column": 0 },
        "end": { "line": 60, "column": 17 }
      },
      "60": {
        "start": { "line": 61, "column": 0 },
        "end": { "line": 61, "column": 34 }
      },
      "61": {
        "start": { "line": 62, "column": 0 },
        "end": { "line": 62, "column": 8 }
      },
      "62": {
        "start": { "line": 63, "column": 0 },
        "end": { "line": 63, "column": 21 }
      },
      "63": {
        "start": { "line": 64, "column": 0 },
        "end": { "line": 64, "column": 14 }
      },
      "64": {
        "start": { "line": 65, "column": 0 },
        "end": { "line": 65, "column": 17 }
      },
      "65": {
        "start": { "line": 66, "column": 0 },
        "end": { "line": 66, "column": 30 }
      },
      "66": {
        "start": { "line": 67, "column": 0 },
        "end": { "line": 67, "column": 25 }
      },
      "67": {
        "start": { "line": 68, "column": 0 },
        "end": { "line": 68, "column": 8 }
      },
      "68": {
        "start": { "line": 69, "column": 0 },
        "end": { "line": 69, "column": 30 }
      },
      "69": {
        "start": { "line": 70, "column": 0 },
        "end": { "line": 70, "column": 14 }
      },
      "70": {
        "start": { "line": 71, "column": 0 },
        "end": { "line": 71, "column": 17 }
      },
      "71": {
        "start": { "line": 72, "column": 0 },
        "end": { "line": 72, "column": 38 }
      },
      "72": {
        "start": { "line": 73, "column": 0 },
        "end": { "line": 73, "column": 25 }
      },
      "73": {
        "start": { "line": 74, "column": 0 },
        "end": { "line": 74, "column": 20 }
      },
      "74": {
        "start": { "line": 75, "column": 0 },
        "end": { "line": 75, "column": 8 }
      },
      "75": {
        "start": { "line": 76, "column": 0 },
        "end": { "line": 76, "column": 24 }
      },
      "76": {
        "start": { "line": 77, "column": 0 },
        "end": { "line": 77, "column": 11 }
      },
      "77": {
        "start": { "line": 78, "column": 0 },
        "end": { "line": 78, "column": 46 }
      },
      "78": {
        "start": { "line": 79, "column": 0 },
        "end": { "line": 79, "column": 15 }
      },
      "80": {
        "start": { "line": 81, "column": 0 },
        "end": { "line": 81, "column": 7 }
      },
      "81": {
        "start": { "line": 82, "column": 0 },
        "end": { "line": 82, "column": 14 }
      },
      "82": {
        "start": { "line": 83, "column": 0 },
        "end": { "line": 83, "column": 24 }
      },
      "83": {
        "start": { "line": 84, "column": 0 },
        "end": { "line": 84, "column": 23 }
      },
      "84": {
        "start": { "line": 85, "column": 0 },
        "end": { "line": 85, "column": 23 }
      },
      "85": {
        "start": { "line": 86, "column": 0 },
        "end": { "line": 86, "column": 28 }
      },
      "86": {
        "start": { "line": 87, "column": 0 },
        "end": { "line": 87, "column": 8 }
      },
      "87": {
        "start": { "line": 88, "column": 0 },
        "end": { "line": 88, "column": 12 }
      },
      "88": {
        "start": { "line": 89, "column": 0 },
        "end": { "line": 89, "column": 19 }
      },
      "89": {
        "start": { "line": 90, "column": 0 },
        "end": { "line": 90, "column": 3 }
      },
      "90": {
        "start": { "line": 91, "column": 0 },
        "end": { "line": 91, "column": 1 }
      },
      "96": {
        "start": { "line": 97, "column": 0 },
        "end": { "line": 97, "column": 67 }
      },
      "97": {
        "start": { "line": 98, "column": 0 },
        "end": { "line": 98, "column": 68 }
      },
      "99": {
        "start": { "line": 100, "column": 0 },
        "end": { "line": 100, "column": 55 }
      },
      "100": {
        "start": { "line": 101, "column": 0 },
        "end": { "line": 101, "column": 64 }
      },
      "101": {
        "start": { "line": 102, "column": 0 },
        "end": { "line": 102, "column": 9 }
      },
      "107": {
        "start": { "line": 108, "column": 0 },
        "end": { "line": 108, "column": 56 }
      },
      "108": {
        "start": { "line": 109, "column": 0 },
        "end": { "line": 109, "column": 56 }
      },
      "109": {
        "start": { "line": 110, "column": 0 },
        "end": { "line": 110, "column": 9 }
      },
      "111": {
        "start": { "line": 112, "column": 0 },
        "end": { "line": 112, "column": 58 }
      },
      "112": {
        "start": { "line": 113, "column": 0 },
        "end": { "line": 113, "column": 52 }
      },
      "113": {
        "start": { "line": 114, "column": 0 },
        "end": { "line": 114, "column": 9 }
      },
      "119": {
        "start": { "line": 120, "column": 0 },
        "end": { "line": 120, "column": 41 }
      },
      "120": {
        "start": { "line": 121, "column": 0 },
        "end": { "line": 121, "column": 39 }
      },
      "121": {
        "start": { "line": 122, "column": 0 },
        "end": { "line": 122, "column": 9 }
      },
      "123": {
        "start": { "line": 124, "column": 0 },
        "end": { "line": 124, "column": 24 }
      },
      "124": {
        "start": { "line": 125, "column": 0 },
        "end": { "line": 125, "column": 12 }
      },
      "125": {
        "start": { "line": 126, "column": 0 },
        "end": { "line": 126, "column": 12 }
      },
      "126": {
        "start": { "line": 127, "column": 0 },
        "end": { "line": 127, "column": 20 }
      },
      "127": {
        "start": { "line": 128, "column": 0 },
        "end": { "line": 128, "column": 17 }
      },
      "128": {
        "start": { "line": 129, "column": 0 },
        "end": { "line": 129, "column": 15 }
      },
      "129": {
        "start": { "line": 130, "column": 0 },
        "end": { "line": 130, "column": 18 }
      },
      "130": {
        "start": { "line": 131, "column": 0 },
        "end": { "line": 131, "column": 7 }
      },
      "131": {
        "start": { "line": 132, "column": 0 },
        "end": { "line": 132, "column": 61 }
      },
      "132": {
        "start": { "line": 133, "column": 0 },
        "end": { "line": 133, "column": 4 }
      },
      "134": {
        "start": { "line": 135, "column": 0 },
        "end": { "line": 135, "column": 10 }
      },
      "135": {
        "start": { "line": 136, "column": 0 },
        "end": { "line": 136, "column": 77 }
      },
      "137": {
        "start": { "line": 138, "column": 0 },
        "end": { "line": 138, "column": 1 }
      }
    },
    "s": {
      "0": 1,
      "20": 1,
      "21": 5,
      "22": 5,
      "23": 5,
      "24": 5,
      "25": 0,
      "26": 0,
      "27": 5,
      "29": 1,
      "30": 1,
      "31": 1,
      "32": 1,
      "33": 1,
      "34": 1,
      "35": 1,
      "37": 7,
      "38": 7,
      "39": 7,
      "40": 7,
      "41": 7,
      "42": 7,
      "44": 0,
      "45": 7,
      "46": 7,
      "47": 7,
      "48": 7,
      "49": 7,
      "50": 7,
      "51": 7,
      "52": 0,
      "53": 0,
      "54": 0,
      "55": 0,
      "56": 0,
      "57": 7,
      "58": 0,
      "59": 0,
      "60": 0,
      "61": 0,
      "62": 7,
      "63": 0,
      "64": 0,
      "65": 0,
      "66": 0,
      "67": 0,
      "68": 7,
      "69": 0,
      "70": 0,
      "71": 0,
      "72": 0,
      "73": 0,
      "74": 0,
      "75": 7,
      "76": 0,
      "77": 0,
      "78": 0,
      "80": 0,
      "81": 0,
      "82": 0,
      "83": 0,
      "84": 0,
      "85": 0,
      "86": 0,
      "87": 7,
      "88": 0,
      "89": 7,
      "90": 7,
      "96": 1,
      "97": 46,
      "99": 46,
      "100": 7,
      "101": 46,
      "107": 46,
      "108": 0,
      "109": 46,
      "111": 46,
      "112": 0,
      "113": 46,
      "119": 46,
      "120": 0,
      "121": 46,
      "123": 46,
      "124": 46,
      "125": 45,
      "126": 45,
      "127": 45,
      "128": 45,
      "129": 45,
      "130": 45,
      "131": 46,
      "132": 46,
      "134": 46,
      "135": 46,
      "137": 46
    },
    "branchMap": {
      "0": {
        "type": "branch",
        "line": 21,
        "loc": {
          "start": { "line": 21, "column": 29 },
          "end": { "line": 28, "column": 2 }
        },
        "locations": [
          {
            "start": { "line": 21, "column": 29 },
            "end": { "line": 28, "column": 2 }
          }
        ]
      },
      "1": {
        "type": "branch",
        "line": 24,
        "loc": {
          "start": { "line": 24, "column": 11 },
          "end": { "line": 24, "column": 39 }
        },
        "locations": [
          {
            "start": { "line": 24, "column": 11 },
            "end": { "line": 24, "column": 39 }
          }
        ]
      },
      "2": {
        "type": "branch",
        "line": 25,
        "loc": {
          "start": { "line": 25, "column": 2 },
          "end": { "line": 27, "column": 3 }
        },
        "locations": [
          {
            "start": { "line": 25, "column": 2 },
            "end": { "line": 27, "column": 3 }
          }
        ]
      },
      "3": {
        "type": "branch",
        "line": 38,
        "loc": {
          "start": { "line": 38, "column": 0 },
          "end": { "line": 91, "column": 1 }
        },
        "locations": [
          {
            "start": { "line": 38, "column": 0 },
            "end": { "line": 91, "column": 1 }
          }
        ]
      },
      "4": {
        "type": "branch",
        "line": 43,
        "loc": {
          "start": { "line": 43, "column": 6 },
          "end": { "line": 45, "column": 7 }
        },
        "locations": [
          {
            "start": { "line": 43, "column": 6 },
            "end": { "line": 45, "column": 7 }
          }
        ]
      },
      "5": {
        "type": "branch",
        "line": 52,
        "loc": {
          "start": { "line": 52, "column": 4 },
          "end": { "line": 57, "column": 8 }
        },
        "locations": [
          {
            "start": { "line": 52, "column": 4 },
            "end": { "line": 57, "column": 8 }
          }
        ]
      },
      "6": {
        "type": "branch",
        "line": 58,
        "loc": {
          "start": { "line": 58, "column": 4 },
          "end": { "line": 62, "column": 8 }
        },
        "locations": [
          {
            "start": { "line": 58, "column": 4 },
            "end": { "line": 62, "column": 8 }
          }
        ]
      },
      "7": {
        "type": "branch",
        "line": 63,
        "loc": {
          "start": { "line": 63, "column": 4 },
          "end": { "line": 68, "column": 8 }
        },
        "locations": [
          {
            "start": { "line": 63, "column": 4 },
            "end": { "line": 68, "column": 8 }
          }
        ]
      },
      "8": {
        "type": "branch",
        "line": 69,
        "loc": {
          "start": { "line": 69, "column": 4 },
          "end": { "line": 75, "column": 8 }
        },
        "locations": [
          {
            "start": { "line": 69, "column": 4 },
            "end": { "line": 75, "column": 8 }
          }
        ]
      },
      "9": {
        "type": "branch",
        "line": 76,
        "loc": {
          "start": { "line": 76, "column": 4 },
          "end": { "line": 87, "column": 8 }
        },
        "locations": [
          {
            "start": { "line": 76, "column": 4 },
            "end": { "line": 87, "column": 8 }
          }
        ]
      },
      "10": {
        "type": "branch",
        "line": 88,
        "loc": {
          "start": { "line": 88, "column": 4 },
          "end": { "line": 89, "column": 19 }
        },
        "locations": [
          {
            "start": { "line": 88, "column": 4 },
            "end": { "line": 89, "column": 19 }
          }
        ]
      },
      "11": {
        "type": "branch",
        "line": 97,
        "loc": {
          "start": { "line": 97, "column": 7 },
          "end": { "line": 138, "column": 1 }
        },
        "locations": [
          {
            "start": { "line": 97, "column": 7 },
            "end": { "line": 138, "column": 1 }
          }
        ]
      },
      "12": {
        "type": "branch",
        "line": 100,
        "loc": {
          "start": { "line": 100, "column": 36 },
          "end": { "line": 102, "column": 5 }
        },
        "locations": [
          {
            "start": { "line": 100, "column": 36 },
            "end": { "line": 102, "column": 5 }
          }
        ]
      },
      "13": {
        "type": "branch",
        "line": 125,
        "loc": {
          "start": { "line": 125, "column": 4 },
          "end": { "line": 131, "column": 7 }
        },
        "locations": [
          {
            "start": { "line": 125, "column": 4 },
            "end": { "line": 131, "column": 7 }
          }
        ]
      }
    },
    "b": {
      "0": [5],
      "1": [0],
      "2": [0],
      "3": [7],
      "4": [0],
      "5": [0],
      "6": [0],
      "7": [0],
      "8": [0],
      "9": [0],
      "10": [0],
      "11": [46],
      "12": [7],
      "13": [45]
    },
    "fnMap": {
      "0": {
        "name": "getInitialSearchTerm",
        "decl": {
          "start": { "line": 21, "column": 29 },
          "end": { "line": 28, "column": 2 }
        },
        "loc": {
          "start": { "line": 21, "column": 29 },
          "end": { "line": 28, "column": 2 }
        },
        "line": 21
      },
      "1": {
        "name": "searchReducer",
        "decl": {
          "start": { "line": 38, "column": 0 },
          "end": { "line": 91, "column": 1 }
        },
        "loc": {
          "start": { "line": 38, "column": 0 },
          "end": { "line": 91, "column": 1 }
        },
        "line": 38
      },
      "2": {
        "name": "SearchProvider",
        "decl": {
          "start": { "line": 97, "column": 7 },
          "end": { "line": 138, "column": 1 }
        },
        "loc": {
          "start": { "line": 97, "column": 7 },
          "end": { "line": 138, "column": 1 }
        },
        "line": 97
      }
    },
    "f": { "0": 5, "1": 7, "2": 46 }
  }
}
